2019-12-09 19:00:24 SEVERE: Exception occured while Deleting OAuthTokens from DB(file::ZohoOAuthPersistenceHandler)(mysqli::__construct(): (HY000/1049): Unknown database 'zohooauth')
ErrorException: mysqli::__construct(): (HY000/1049): Unknown database 'zohooauth' in C:\laragon\www\DIALCA-API\vendor\zohocrm\php-sdk\src\oauth\persistence\ZohoOAuthPersistenceHandler.php:86
Stack trace:
#0 [internal function]: Illuminate\Foundation\Bootstrap\HandleExceptions->handleError(2, 'mysqli::__const...', 'C:\\laragon\\www\\...', 86, Array)
#1 C:\laragon\www\DIALCA-API\vendor\zohocrm\php-sdk\src\oauth\persistence\ZohoOAuthPersistenceHandler.php(86): mysqli->__construct('localhost:3306', 'root', '', 'zohooauth')
#2 C:\laragon\www\DIALCA-API\vendor\zohocrm\php-sdk\src\oauth\persistence\ZohoOAuthPersistenceHandler.php(69): zcrmsdk\oauth\persistence\ZohoOAuthPersistenceHandler->getMysqlConnection()
#3 C:\laragon\www\DIALCA-API\vendor\zohocrm\php-sdk\src\oauth\persistence\ZohoOAuthPersistenceHandler.php(18): zcrmsdk\oauth\persistence\ZohoOAuthPersistenceHandler->deleteOAuthTokens('eduardo.rosendo...')
#4 C:\laragon\www\DIALCA-API\vendor\zohocrm\php-sdk\src\oauth\ZohoOAuthClient.php(66): zcrmsdk\oauth\persistence\ZohoOAuthPersistenceHandler->saveOAuthData(Object(zcrmsdk\oauth\utility\ZohoOAuthTokens))
#5 C:\laragon\www\DIALCA-API\routes\api.php(32): zcrmsdk\oauth\ZohoOAuthClient->generateAccessToken('1000.15d98966e3...')
#6 C:\laragon\www\DIALCA-API\vendor\laravel\framework\src\Illuminate\Routing\Route.php(205): Illuminate\Routing\RouteFileRegistrar->{closure}()
#7 C:\laragon\www\DIALCA-API\vendor\laravel\framework\src\Illuminate\Routing\Route.php(179): Illuminate\Routing\Route->runCallable()
#8 C:\laragon\www\DIALCA-API\vendor\laravel\framework\src\Illuminate\Routing\Router.php(680): Illuminate\Routing\Route->run()
#9 C:\laragon\www\DIALCA-API\vendor\laravel\framework\src\Illuminate\Routing\Pipeline.php(30): Illuminate\Routing\Router->Illuminate\Routing\{closure}(Object(Illuminate\Http\Request))
#10 C:\laragon\www\DIALCA-API\vendor\laravel\framework\src\Illuminate\Routing\Middleware\SubstituteBindings.php(41): Illuminate\Routing\Pipeline->Illuminate\Routing\{closure}(Object(Illuminate\Http\Request))
#11 C:\laragon\www\DIALCA-API\vendor\laravel\framework\src\Illuminate\Pipeline\Pipeline.php(163): Illuminate\Routing\Middleware\SubstituteBindings->handle(Object(Illuminate\Http\Request), Object(Closure))
#12 C:\laragon\www\DIALCA-API\vendor\laravel\framework\src\Illuminate\Routing\Pipeline.php(53): Illuminate\Pipeline\Pipeline->Illuminate\Pipeline\{closure}(Object(Illuminate\Http\Request))
#13 C:\laragon\www\DIALCA-API\vendor\laravel\framework\src\Illuminate\Routing\Middleware\ThrottleRequests.php(58): Illuminate\Routing\Pipeline->Illuminate\Routing\{closure}(Object(Illuminate\Http\Request))
#14 C:\laragon\www\DIALCA-API\vendor\laravel\framework\src\Illuminate\Pipeline\Pipeline.php(163): Illuminate\Routing\Middleware\ThrottleRequests->handle(Object(Illuminate\Http\Request), Object(Closure), 60, '1')
#15 C:\laragon\www\DIALCA-API\vendor\laravel\framework\src\Illuminate\Routing\Pipeline.php(53): Illuminate\Pipeline\Pipeline->Illuminate\Pipeline\{closure}(Object(Illuminate\Http\Request))
#16 C:\laragon\www\DIALCA-API\vendor\laravel\framework\src\Illuminate\Pipeline\Pipeline.php(104): Illuminate\Routing\Pipeline->Illuminate\Routing\{closure}(Object(Illuminate\Http\Request))
#17 C:\laragon\www\DIALCA-API\vendor\laravel\framework\src\Illuminate\Routing\Router.php(682): Illuminate\Pipeline\Pipeline->then(Object(Closure))
#18 C:\laragon\www\DIALCA-API\vendor\laravel\framework\src\Illuminate\Routing\Router.php(657): Illuminate\Routing\Router->runRouteWithinStack(Object(Illuminate\Routing\Route), Object(Illuminate\Http\Request))
#19 C:\laragon\www\DIALCA-API\vendor\laravel\framework\src\Illuminate\Routing\Router.php(623): Illuminate\Routing\Router->runRoute(Object(Illuminate\Http\Request), Object(Illuminate\Routing\Route))
#20 C:\laragon\www\DIALCA-API\vendor\laravel\framework\src\Illuminate\Routing\Router.php(612): Illuminate\Routing\Router->dispatchToRoute(Object(Illuminate\Http\Request))
#21 C:\laragon\www\DIALCA-API\vendor\laravel\framework\src\Illuminate\Foundation\Http\Kernel.php(176): Illuminate\Routing\Router->dispatch(Object(Illuminate\Http\Request))
#22 C:\laragon\www\DIALCA-API\vendor\laravel\framework\src\Illuminate\Routing\Pipeline.php(30): Illuminate\Foundation\Http\Kernel->Illuminate\Foundation\Http\{closure}(Object(Illuminate\Http\Request))
#23 C:\laragon\www\DIALCA-API\vendor\fideloper\proxy\src\TrustProxies.php(57): Illuminate\Routing\Pipeline->Illuminate\Routing\{closure}(Object(Illuminate\Http\Request))
#24 C:\laragon\www\DIALCA-API\vendor\laravel\framework\src\Illuminate\Pipeline\Pipeline.php(163): Fideloper\Proxy\TrustProxies->handle(Object(Illuminate\Http\Request), Object(Closure))
#25 C:\laragon\www\DIALCA-API\vendor\laravel\framework\src\Illuminate\Routing\Pipeline.php(53): Illuminate\Pipeline\Pipeline->Illuminate\Pipeline\{closure}(Object(Illuminate\Http\Request))
#26 C:\laragon\www\DIALCA-API\vendor\laravel\framework\src\Illuminate\Foundation\Http\Middleware\TransformsRequest.php(21): Illuminate\Routing\Pipeline->Illuminate\Routing\{closure}(Object(Illuminate\Http\Request))
#27 C:\laragon\www\DIALCA-API\vendor\laravel\framework\src\Illuminate\Pipeline\Pipeline.php(163): Illuminate\Foundation\Http\Middleware\TransformsRequest->handle(Object(Illuminate\Http\Request), Object(Closure))
#28 C:\laragon\www\DIALCA-API\vendor\laravel\framework\src\Illuminate\Routing\Pipeline.php(53): Illuminate\Pipeline\Pipeline->Illuminate\Pipeline\{closure}(Object(Illuminate\Http\Request))
#29 C:\laragon\www\DIALCA-API\vendor\laravel\framework\src\Illuminate\Foundation\Http\Middleware\TransformsRequest.php(21): Illuminate\Routing\Pipeline->Illuminate\Routing\{closure}(Object(Illuminate\Http\Request))
#30 C:\laragon\www\DIALCA-API\vendor\laravel\framework\src\Illuminate\Pipeline\Pipeline.php(163): Illuminate\Foundation\Http\Middleware\TransformsRequest->handle(Object(Illuminate\Http\Request), Object(Closure))
#31 C:\laragon\www\DIALCA-API\vendor\laravel\framework\src\Illuminate\Routing\Pipeline.php(53): Illuminate\Pipeline\Pipeline->Illuminate\Pipeline\{closure}(Object(Illuminate\Http\Request))
#32 C:\laragon\www\DIALCA-API\vendor\laravel\framework\src\Illuminate\Foundation\Http\Middleware\ValidatePostSize.php(27): Illuminate\Routing\Pipeline->Illuminate\Routing\{closure}(Object(Illuminate\Http\Request))
#33 C:\laragon\www\DIALCA-API\vendor\laravel\framework\src\Illuminate\Pipeline\Pipeline.php(163): Illuminate\Foundation\Http\Middleware\ValidatePostSize->handle(Object(Illuminate\Http\Request), Object(Closure))
#34 C:\laragon\www\DIALCA-API\vendor\laravel\framework\src\Illuminate\Routing\Pipeline.php(53): Illuminate\Pipeline\Pipeline->Illuminate\Pipeline\{closure}(Object(Illuminate\Http\Request))
#35 C:\laragon\www\DIALCA-API\vendor\laravel\framework\src\Illuminate\Foundation\Http\Middleware\CheckForMaintenanceMode.php(62): Illuminate\Routing\Pipeline->Illuminate\Routing\{closure}(Object(Illuminate\Http\Request))
#36 C:\laragon\www\DIALCA-API\vendor\laravel\framework\src\Illuminate\Pipeline\Pipeline.php(163): Illuminate\Foundation\Http\Middleware\CheckForMaintenanceMode->handle(Object(Illuminate\Http\Request), Object(Closure))
#37 C:\laragon\www\DIALCA-API\vendor\laravel\framework\src\Illuminate\Routing\Pipeline.php(53): Illuminate\Pipeline\Pipeline->Illuminate\Pipeline\{closure}(Object(Illuminate\Http\Request))
#38 C:\laragon\www\DIALCA-API\vendor\laravel\framework\src\Illuminate\Pipeline\Pipeline.php(104): Illuminate\Routing\Pipeline->Illuminate\Routing\{closure}(Object(Illuminate\Http\Request))
#39 C:\laragon\www\DIALCA-API\vendor\laravel\framework\src\Illuminate\Foundation\Http\Kernel.php(151): Illuminate\Pipeline\Pipeline->then(Object(Closure))
#40 C:\laragon\www\DIALCA-API\vendor\laravel\framework\src\Illuminate\Foundation\Http\Kernel.php(116): Illuminate\Foundation\Http\Kernel->sendRequestThroughRouter(Object(Illuminate\Http\Request))
#41 C:\laragon\www\DIALCA-API\public\index.php(55): Illuminate\Foundation\Http\Kernel->handle(Object(Illuminate\Http\Request))
#42 {main}
2019-12-09 19:00:24 SEVERE: Exception occured while inserting OAuthTokens into DB(file::ZohoOAuthPersistenceHandler)(mysqli::__construct(): (HY000/1049): Unknown database 'zohooauth')
ErrorException: mysqli::__construct(): (HY000/1049): Unknown database 'zohooauth' in C:\laragon\www\DIALCA-API\vendor\zohocrm\php-sdk\src\oauth\persistence\ZohoOAuthPersistenceHandler.php:86
Stack trace:
#0 [internal function]: Illuminate\Foundation\Bootstrap\HandleExceptions->handleError(2, 'mysqli::__const...', 'C:\\laragon\\www\\...', 86, Array)
#1 C:\laragon\www\DIALCA-API\vendor\zohocrm\php-sdk\src\oauth\persistence\ZohoOAuthPersistenceHandler.php(86): mysqli->__construct('localhost:3306', 'root', '', 'zohooauth')
#2 C:\laragon\www\DIALCA-API\vendor\zohocrm\php-sdk\src\oauth\persistence\ZohoOAuthPersistenceHandler.php(19): zcrmsdk\oauth\persistence\ZohoOAuthPersistenceHandler->getMysqlConnection()
#3 C:\laragon\www\DIALCA-API\vendor\zohocrm\php-sdk\src\oauth\ZohoOAuthClient.php(66): zcrmsdk\oauth\persistence\ZohoOAuthPersistenceHandler->saveOAuthData(Object(zcrmsdk\oauth\utility\ZohoOAuthTokens))
#4 C:\laragon\www\DIALCA-API\routes\api.php(32): zcrmsdk\oauth\ZohoOAuthClient->generateAccessToken('1000.15d98966e3...')
#5 C:\laragon\www\DIALCA-API\vendor\laravel\framework\src\Illuminate\Routing\Route.php(205): Illuminate\Routing\RouteFileRegistrar->{closure}()
#6 C:\laragon\www\DIALCA-API\vendor\laravel\framework\src\Illuminate\Routing\Route.php(179): Illuminate\Routing\Route->runCallable()
#7 C:\laragon\www\DIALCA-API\vendor\laravel\framework\src\Illuminate\Routing\Router.php(680): Illuminate\Routing\Route->run()
#8 C:\laragon\www\DIALCA-API\vendor\laravel\framework\src\Illuminate\Routing\Pipeline.php(30): Illuminate\Routing\Router->Illuminate\Routing\{closure}(Object(Illuminate\Http\Request))
#9 C:\laragon\www\DIALCA-API\vendor\laravel\framework\src\Illuminate\Routing\Middleware\SubstituteBindings.php(41): Illuminate\Routing\Pipeline->Illuminate\Routing\{closure}(Object(Illuminate\Http\Request))
#10 C:\laragon\www\DIALCA-API\vendor\laravel\framework\src\Illuminate\Pipeline\Pipeline.php(163): Illuminate\Routing\Middleware\SubstituteBindings->handle(Object(Illuminate\Http\Request), Object(Closure))
#11 C:\laragon\www\DIALCA-API\vendor\laravel\framework\src\Illuminate\Routing\Pipeline.php(53): Illuminate\Pipeline\Pipeline->Illuminate\Pipeline\{closure}(Object(Illuminate\Http\Request))
#12 C:\laragon\www\DIALCA-API\vendor\laravel\framework\src\Illuminate\Routing\Middleware\ThrottleRequests.php(58): Illuminate\Routing\Pipeline->Illuminate\Routing\{closure}(Object(Illuminate\Http\Request))
#13 C:\laragon\www\DIALCA-API\vendor\laravel\framework\src\Illuminate\Pipeline\Pipeline.php(163): Illuminate\Routing\Middleware\ThrottleRequests->handle(Object(Illuminate\Http\Request), Object(Closure), 60, '1')
#14 C:\laragon\www\DIALCA-API\vendor\laravel\framework\src\Illuminate\Routing\Pipeline.php(53): Illuminate\Pipeline\Pipeline->Illuminate\Pipeline\{closure}(Object(Illuminate\Http\Request))
#15 C:\laragon\www\DIALCA-API\vendor\laravel\framework\src\Illuminate\Pipeline\Pipeline.php(104): Illuminate\Routing\Pipeline->Illuminate\Routing\{closure}(Object(Illuminate\Http\Request))
#16 C:\laragon\www\DIALCA-API\vendor\laravel\framework\src\Illuminate\Routing\Router.php(682): Illuminate\Pipeline\Pipeline->then(Object(Closure))
#17 C:\laragon\www\DIALCA-API\vendor\laravel\framework\src\Illuminate\Routing\Router.php(657): Illuminate\Routing\Router->runRouteWithinStack(Object(Illuminate\Routing\Route), Object(Illuminate\Http\Request))
#18 C:\laragon\www\DIALCA-API\vendor\laravel\framework\src\Illuminate\Routing\Router.php(623): Illuminate\Routing\Router->runRoute(Object(Illuminate\Http\Request), Object(Illuminate\Routing\Route))
#19 C:\laragon\www\DIALCA-API\vendor\laravel\framework\src\Illuminate\Routing\Router.php(612): Illuminate\Routing\Router->dispatchToRoute(Object(Illuminate\Http\Request))
#20 C:\laragon\www\DIALCA-API\vendor\laravel\framework\src\Illuminate\Foundation\Http\Kernel.php(176): Illuminate\Routing\Router->dispatch(Object(Illuminate\Http\Request))
#21 C:\laragon\www\DIALCA-API\vendor\laravel\framework\src\Illuminate\Routing\Pipeline.php(30): Illuminate\Foundation\Http\Kernel->Illuminate\Foundation\Http\{closure}(Object(Illuminate\Http\Request))
#22 C:\laragon\www\DIALCA-API\vendor\fideloper\proxy\src\TrustProxies.php(57): Illuminate\Routing\Pipeline->Illuminate\Routing\{closure}(Object(Illuminate\Http\Request))
#23 C:\laragon\www\DIALCA-API\vendor\laravel\framework\src\Illuminate\Pipeline\Pipeline.php(163): Fideloper\Proxy\TrustProxies->handle(Object(Illuminate\Http\Request), Object(Closure))
#24 C:\laragon\www\DIALCA-API\vendor\laravel\framework\src\Illuminate\Routing\Pipeline.php(53): Illuminate\Pipeline\Pipeline->Illuminate\Pipeline\{closure}(Object(Illuminate\Http\Request))
#25 C:\laragon\www\DIALCA-API\vendor\laravel\framework\src\Illuminate\Foundation\Http\Middleware\TransformsRequest.php(21): Illuminate\Routing\Pipeline->Illuminate\Routing\{closure}(Object(Illuminate\Http\Request))
#26 C:\laragon\www\DIALCA-API\vendor\laravel\framework\src\Illuminate\Pipeline\Pipeline.php(163): Illuminate\Foundation\Http\Middleware\TransformsRequest->handle(Object(Illuminate\Http\Request), Object(Closure))
#27 C:\laragon\www\DIALCA-API\vendor\laravel\framework\src\Illuminate\Routing\Pipeline.php(53): Illuminate\Pipeline\Pipeline->Illuminate\Pipeline\{closure}(Object(Illuminate\Http\Request))
#28 C:\laragon\www\DIALCA-API\vendor\laravel\framework\src\Illuminate\Foundation\Http\Middleware\TransformsRequest.php(21): Illuminate\Routing\Pipeline->Illuminate\Routing\{closure}(Object(Illuminate\Http\Request))
#29 C:\laragon\www\DIALCA-API\vendor\laravel\framework\src\Illuminate\Pipeline\Pipeline.php(163): Illuminate\Foundation\Http\Middleware\TransformsRequest->handle(Object(Illuminate\Http\Request), Object(Closure))
#30 C:\laragon\www\DIALCA-API\vendor\laravel\framework\src\Illuminate\Routing\Pipeline.php(53): Illuminate\Pipeline\Pipeline->Illuminate\Pipeline\{closure}(Object(Illuminate\Http\Request))
#31 C:\laragon\www\DIALCA-API\vendor\laravel\framework\src\Illuminate\Foundation\Http\Middleware\ValidatePostSize.php(27): Illuminate\Routing\Pipeline->Illuminate\Routing\{closure}(Object(Illuminate\Http\Request))
#32 C:\laragon\www\DIALCA-API\vendor\laravel\framework\src\Illuminate\Pipeline\Pipeline.php(163): Illuminate\Foundation\Http\Middleware\ValidatePostSize->handle(Object(Illuminate\Http\Request), Object(Closure))
#33 C:\laragon\www\DIALCA-API\vendor\laravel\framework\src\Illuminate\Routing\Pipeline.php(53): Illuminate\Pipeline\Pipeline->Illuminate\Pipeline\{closure}(Object(Illuminate\Http\Request))
#34 C:\laragon\www\DIALCA-API\vendor\laravel\framework\src\Illuminate\Foundation\Http\Middleware\CheckForMaintenanceMode.php(62): Illuminate\Routing\Pipeline->Illuminate\Routing\{closure}(Object(Illuminate\Http\Request))
#35 C:\laragon\www\DIALCA-API\vendor\laravel\framework\src\Illuminate\Pipeline\Pipeline.php(163): Illuminate\Foundation\Http\Middleware\CheckForMaintenanceMode->handle(Object(Illuminate\Http\Request), Object(Closure))
#36 C:\laragon\www\DIALCA-API\vendor\laravel\framework\src\Illuminate\Routing\Pipeline.php(53): Illuminate\Pipeline\Pipeline->Illuminate\Pipeline\{closure}(Object(Illuminate\Http\Request))
#37 C:\laragon\www\DIALCA-API\vendor\laravel\framework\src\Illuminate\Pipeline\Pipeline.php(104): Illuminate\Routing\Pipeline->Illuminate\Routing\{closure}(Object(Illuminate\Http\Request))
#38 C:\laragon\www\DIALCA-API\vendor\laravel\framework\src\Illuminate\Foundation\Http\Kernel.php(151): Illuminate\Pipeline\Pipeline->then(Object(Closure))
#39 C:\laragon\www\DIALCA-API\vendor\laravel\framework\src\Illuminate\Foundation\Http\Kernel.php(116): Illuminate\Foundation\Http\Kernel->sendRequestThroughRouter(Object(Illuminate\Http\Request))
#40 C:\laragon\www\DIALCA-API\public\index.php(55): Illuminate\Foundation\Http\Kernel->handle(Object(Illuminate\Http\Request))
#41 {main}
2019-12-09 19:27:35 SEVERE: Exception occured while Saving OAuthTokens to file(file::ZohoOAuthPersistenceByFile)(file_get_contents(resources/zcrm_oauthtokens.txt/zcrm_oauthtokens.txt): failed to open stream: No such file or directory)
ErrorException: file_get_contents(resources/zcrm_oauthtokens.txt/zcrm_oauthtokens.txt): failed to open stream: No such file or directory in C:\laragon\www\DIALCA-API\vendor\zohocrm\php-sdk\src\oauth\persistence\ZohoOAuthPersistenceByFile.php:72
Stack trace:
#0 [internal function]: Illuminate\Foundation\Bootstrap\HandleExceptions->handleError(2, 'file_get_conten...', 'C:\\laragon\\www\\...', 72, Array)
#1 C:\laragon\www\DIALCA-API\vendor\zohocrm\php-sdk\src\oauth\persistence\ZohoOAuthPersistenceByFile.php(72): file_get_contents('resources/zcrm_...')
#2 C:\laragon\www\DIALCA-API\vendor\zohocrm\php-sdk\src\oauth\persistence\ZohoOAuthPersistenceByFile.php(23): zcrmsdk\oauth\persistence\ZohoOAuthPersistenceByFile->deleteOAuthTokens('eduardo.rosendo...')
#3 C:\laragon\www\DIALCA-API\vendor\zohocrm\php-sdk\src\oauth\ZohoOAuthClient.php(66): zcrmsdk\oauth\persistence\ZohoOAuthPersistenceByFile->saveOAuthData(Object(zcrmsdk\oauth\utility\ZohoOAuthTokens))
#4 C:\laragon\www\DIALCA-API\routes\api.php(33): zcrmsdk\oauth\ZohoOAuthClient->generateAccessToken('1000.55c8ae9cfa...')
#5 C:\laragon\www\DIALCA-API\vendor\laravel\framework\src\Illuminate\Routing\Route.php(205): Illuminate\Routing\RouteFileRegistrar->{closure}()
#6 C:\laragon\www\DIALCA-API\vendor\laravel\framework\src\Illuminate\Routing\Route.php(179): Illuminate\Routing\Route->runCallable()
#7 C:\laragon\www\DIALCA-API\vendor\laravel\framework\src\Illuminate\Routing\Router.php(680): Illuminate\Routing\Route->run()
#8 C:\laragon\www\DIALCA-API\vendor\laravel\framework\src\Illuminate\Routing\Pipeline.php(30): Illuminate\Routing\Router->Illuminate\Routing\{closure}(Object(Illuminate\Http\Request))
#9 C:\laragon\www\DIALCA-API\vendor\laravel\framework\src\Illuminate\Routing\Middleware\SubstituteBindings.php(41): Illuminate\Routing\Pipeline->Illuminate\Routing\{closure}(Object(Illuminate\Http\Request))
#10 C:\laragon\www\DIALCA-API\vendor\laravel\framework\src\Illuminate\Pipeline\Pipeline.php(163): Illuminate\Routing\Middleware\SubstituteBindings->handle(Object(Illuminate\Http\Request), Object(Closure))
#11 C:\laragon\www\DIALCA-API\vendor\laravel\framework\src\Illuminate\Routing\Pipeline.php(53): Illuminate\Pipeline\Pipeline->Illuminate\Pipeline\{closure}(Object(Illuminate\Http\Request))
#12 C:\laragon\www\DIALCA-API\vendor\laravel\framework\src\Illuminate\Routing\Middleware\ThrottleRequests.php(58): Illuminate\Routing\Pipeline->Illuminate\Routing\{closure}(Object(Illuminate\Http\Request))
#13 C:\laragon\www\DIALCA-API\vendor\laravel\framework\src\Illuminate\Pipeline\Pipeline.php(163): Illuminate\Routing\Middleware\ThrottleRequests->handle(Object(Illuminate\Http\Request), Object(Closure), 60, '1')
#14 C:\laragon\www\DIALCA-API\vendor\laravel\framework\src\Illuminate\Routing\Pipeline.php(53): Illuminate\Pipeline\Pipeline->Illuminate\Pipeline\{closure}(Object(Illuminate\Http\Request))
#15 C:\laragon\www\DIALCA-API\vendor\laravel\framework\src\Illuminate\Pipeline\Pipeline.php(104): Illuminate\Routing\Pipeline->Illuminate\Routing\{closure}(Object(Illuminate\Http\Request))
#16 C:\laragon\www\DIALCA-API\vendor\laravel\framework\src\Illuminate\Routing\Router.php(682): Illuminate\Pipeline\Pipeline->then(Object(Closure))
#17 C:\laragon\www\DIALCA-API\vendor\laravel\framework\src\Illuminate\Routing\Router.php(657): Illuminate\Routing\Router->runRouteWithinStack(Object(Illuminate\Routing\Route), Object(Illuminate\Http\Request))
#18 C:\laragon\www\DIALCA-API\vendor\laravel\framework\src\Illuminate\Routing\Router.php(623): Illuminate\Routing\Router->runRoute(Object(Illuminate\Http\Request), Object(Illuminate\Routing\Route))
#19 C:\laragon\www\DIALCA-API\vendor\laravel\framework\src\Illuminate\Routing\Router.php(612): Illuminate\Routing\Router->dispatchToRoute(Object(Illuminate\Http\Request))
#20 C:\laragon\www\DIALCA-API\vendor\laravel\framework\src\Illuminate\Foundation\Http\Kernel.php(176): Illuminate\Routing\Router->dispatch(Object(Illuminate\Http\Request))
#21 C:\laragon\www\DIALCA-API\vendor\laravel\framework\src\Illuminate\Routing\Pipeline.php(30): Illuminate\Foundation\Http\Kernel->Illuminate\Foundation\Http\{closure}(Object(Illuminate\Http\Request))
#22 C:\laragon\www\DIALCA-API\vendor\fideloper\proxy\src\TrustProxies.php(57): Illuminate\Routing\Pipeline->Illuminate\Routing\{closure}(Object(Illuminate\Http\Request))
#23 C:\laragon\www\DIALCA-API\vendor\laravel\framework\src\Illuminate\Pipeline\Pipeline.php(163): Fideloper\Proxy\TrustProxies->handle(Object(Illuminate\Http\Request), Object(Closure))
#24 C:\laragon\www\DIALCA-API\vendor\laravel\framework\src\Illuminate\Routing\Pipeline.php(53): Illuminate\Pipeline\Pipeline->Illuminate\Pipeline\{closure}(Object(Illuminate\Http\Request))
#25 C:\laragon\www\DIALCA-API\vendor\laravel\framework\src\Illuminate\Foundation\Http\Middleware\TransformsRequest.php(21): Illuminate\Routing\Pipeline->Illuminate\Routing\{closure}(Object(Illuminate\Http\Request))
#26 C:\laragon\www\DIALCA-API\vendor\laravel\framework\src\Illuminate\Pipeline\Pipeline.php(163): Illuminate\Foundation\Http\Middleware\TransformsRequest->handle(Object(Illuminate\Http\Request), Object(Closure))
#27 C:\laragon\www\DIALCA-API\vendor\laravel\framework\src\Illuminate\Routing\Pipeline.php(53): Illuminate\Pipeline\Pipeline->Illuminate\Pipeline\{closure}(Object(Illuminate\Http\Request))
#28 C:\laragon\www\DIALCA-API\vendor\laravel\framework\src\Illuminate\Foundation\Http\Middleware\TransformsRequest.php(21): Illuminate\Routing\Pipeline->Illuminate\Routing\{closure}(Object(Illuminate\Http\Request))
#29 C:\laragon\www\DIALCA-API\vendor\laravel\framework\src\Illuminate\Pipeline\Pipeline.php(163): Illuminate\Foundation\Http\Middleware\TransformsRequest->handle(Object(Illuminate\Http\Request), Object(Closure))
#30 C:\laragon\www\DIALCA-API\vendor\laravel\framework\src\Illuminate\Routing\Pipeline.php(53): Illuminate\Pipeline\Pipeline->Illuminate\Pipeline\{closure}(Object(Illuminate\Http\Request))
#31 C:\laragon\www\DIALCA-API\vendor\laravel\framework\src\Illuminate\Foundation\Http\Middleware\ValidatePostSize.php(27): Illuminate\Routing\Pipeline->Illuminate\Routing\{closure}(Object(Illuminate\Http\Request))
#32 C:\laragon\www\DIALCA-API\vendor\laravel\framework\src\Illuminate\Pipeline\Pipeline.php(163): Illuminate\Foundation\Http\Middleware\ValidatePostSize->handle(Object(Illuminate\Http\Request), Object(Closure))
#33 C:\laragon\www\DIALCA-API\vendor\laravel\framework\src\Illuminate\Routing\Pipeline.php(53): Illuminate\Pipeline\Pipeline->Illuminate\Pipeline\{closure}(Object(Illuminate\Http\Request))
#34 C:\laragon\www\DIALCA-API\vendor\laravel\framework\src\Illuminate\Foundation\Http\Middleware\CheckForMaintenanceMode.php(62): Illuminate\Routing\Pipeline->Illuminate\Routing\{closure}(Object(Illuminate\Http\Request))
#35 C:\laragon\www\DIALCA-API\vendor\laravel\framework\src\Illuminate\Pipeline\Pipeline.php(163): Illuminate\Foundation\Http\Middleware\CheckForMaintenanceMode->handle(Object(Illuminate\Http\Request), Object(Closure))
#36 C:\laragon\www\DIALCA-API\vendor\laravel\framework\src\Illuminate\Routing\Pipeline.php(53): Illuminate\Pipeline\Pipeline->Illuminate\Pipeline\{closure}(Object(Illuminate\Http\Request))
#37 C:\laragon\www\DIALCA-API\vendor\laravel\framework\src\Illuminate\Pipeline\Pipeline.php(104): Illuminate\Routing\Pipeline->Illuminate\Routing\{closure}(Object(Illuminate\Http\Request))
#38 C:\laragon\www\DIALCA-API\vendor\laravel\framework\src\Illuminate\Foundation\Http\Kernel.php(151): Illuminate\Pipeline\Pipeline->then(Object(Closure))
#39 C:\laragon\www\DIALCA-API\vendor\laravel\framework\src\Illuminate\Foundation\Http\Kernel.php(116): Illuminate\Foundation\Http\Kernel->sendRequestThroughRouter(Object(Illuminate\Http\Request))
#40 C:\laragon\www\DIALCA-API\public\index.php(55): Illuminate\Foundation\Http\Kernel->handle(Object(Illuminate\Http\Request))
#41 {main}
2019-12-09 19:27:35 SEVERE: Exception occured while Saving OAuthTokens to file(file::ZohoOAuthPersistenceByFile)(file_get_contents(resources/zcrm_oauthtokens.txt/zcrm_oauthtokens.txt): failed to open stream: No such file or directory)
ErrorException: file_get_contents(resources/zcrm_oauthtokens.txt/zcrm_oauthtokens.txt): failed to open stream: No such file or directory in C:\laragon\www\DIALCA-API\vendor\zohocrm\php-sdk\src\oauth\persistence\ZohoOAuthPersistenceByFile.php:72
Stack trace:
#0 [internal function]: Illuminate\Foundation\Bootstrap\HandleExceptions->handleError(2, 'file_get_conten...', 'C:\\laragon\\www\\...', 72, Array)
#1 C:\laragon\www\DIALCA-API\vendor\zohocrm\php-sdk\src\oauth\persistence\ZohoOAuthPersistenceByFile.php(72): file_get_contents('resources/zcrm_...')
#2 C:\laragon\www\DIALCA-API\vendor\zohocrm\php-sdk\src\oauth\persistence\ZohoOAuthPersistenceByFile.php(23): zcrmsdk\oauth\persistence\ZohoOAuthPersistenceByFile->deleteOAuthTokens('eduardo.rosendo...')
#3 C:\laragon\www\DIALCA-API\vendor\zohocrm\php-sdk\src\oauth\ZohoOAuthClient.php(66): zcrmsdk\oauth\persistence\ZohoOAuthPersistenceByFile->saveOAuthData(Object(zcrmsdk\oauth\utility\ZohoOAuthTokens))
#4 C:\laragon\www\DIALCA-API\routes\api.php(33): zcrmsdk\oauth\ZohoOAuthClient->generateAccessToken('1000.55c8ae9cfa...')
#5 C:\laragon\www\DIALCA-API\vendor\laravel\framework\src\Illuminate\Routing\Route.php(205): Illuminate\Routing\RouteFileRegistrar->{closure}()
#6 C:\laragon\www\DIALCA-API\vendor\laravel\framework\src\Illuminate\Routing\Route.php(179): Illuminate\Routing\Route->runCallable()
#7 C:\laragon\www\DIALCA-API\vendor\laravel\framework\src\Illuminate\Routing\Router.php(680): Illuminate\Routing\Route->run()
#8 C:\laragon\www\DIALCA-API\vendor\laravel\framework\src\Illuminate\Routing\Pipeline.php(30): Illuminate\Routing\Router->Illuminate\Routing\{closure}(Object(Illuminate\Http\Request))
#9 C:\laragon\www\DIALCA-API\vendor\laravel\framework\src\Illuminate\Routing\Middleware\SubstituteBindings.php(41): Illuminate\Routing\Pipeline->Illuminate\Routing\{closure}(Object(Illuminate\Http\Request))
#10 C:\laragon\www\DIALCA-API\vendor\laravel\framework\src\Illuminate\Pipeline\Pipeline.php(163): Illuminate\Routing\Middleware\SubstituteBindings->handle(Object(Illuminate\Http\Request), Object(Closure))
#11 C:\laragon\www\DIALCA-API\vendor\laravel\framework\src\Illuminate\Routing\Pipeline.php(53): Illuminate\Pipeline\Pipeline->Illuminate\Pipeline\{closure}(Object(Illuminate\Http\Request))
#12 C:\laragon\www\DIALCA-API\vendor\laravel\framework\src\Illuminate\Routing\Middleware\ThrottleRequests.php(58): Illuminate\Routing\Pipeline->Illuminate\Routing\{closure}(Object(Illuminate\Http\Request))
#13 C:\laragon\www\DIALCA-API\vendor\laravel\framework\src\Illuminate\Pipeline\Pipeline.php(163): Illuminate\Routing\Middleware\ThrottleRequests->handle(Object(Illuminate\Http\Request), Object(Closure), 60, '1')
#14 C:\laragon\www\DIALCA-API\vendor\laravel\framework\src\Illuminate\Routing\Pipeline.php(53): Illuminate\Pipeline\Pipeline->Illuminate\Pipeline\{closure}(Object(Illuminate\Http\Request))
#15 C:\laragon\www\DIALCA-API\vendor\laravel\framework\src\Illuminate\Pipeline\Pipeline.php(104): Illuminate\Routing\Pipeline->Illuminate\Routing\{closure}(Object(Illuminate\Http\Request))
#16 C:\laragon\www\DIALCA-API\vendor\laravel\framework\src\Illuminate\Routing\Router.php(682): Illuminate\Pipeline\Pipeline->then(Object(Closure))
#17 C:\laragon\www\DIALCA-API\vendor\laravel\framework\src\Illuminate\Routing\Router.php(657): Illuminate\Routing\Router->runRouteWithinStack(Object(Illuminate\Routing\Route), Object(Illuminate\Http\Request))
#18 C:\laragon\www\DIALCA-API\vendor\laravel\framework\src\Illuminate\Routing\Router.php(623): Illuminate\Routing\Router->runRoute(Object(Illuminate\Http\Request), Object(Illuminate\Routing\Route))
#19 C:\laragon\www\DIALCA-API\vendor\laravel\framework\src\Illuminate\Routing\Router.php(612): Illuminate\Routing\Router->dispatchToRoute(Object(Illuminate\Http\Request))
#20 C:\laragon\www\DIALCA-API\vendor\laravel\framework\src\Illuminate\Foundation\Http\Kernel.php(176): Illuminate\Routing\Router->dispatch(Object(Illuminate\Http\Request))
#21 C:\laragon\www\DIALCA-API\vendor\laravel\framework\src\Illuminate\Routing\Pipeline.php(30): Illuminate\Foundation\Http\Kernel->Illuminate\Foundation\Http\{closure}(Object(Illuminate\Http\Request))
#22 C:\laragon\www\DIALCA-API\vendor\fideloper\proxy\src\TrustProxies.php(57): Illuminate\Routing\Pipeline->Illuminate\Routing\{closure}(Object(Illuminate\Http\Request))
#23 C:\laragon\www\DIALCA-API\vendor\laravel\framework\src\Illuminate\Pipeline\Pipeline.php(163): Fideloper\Proxy\TrustProxies->handle(Object(Illuminate\Http\Request), Object(Closure))
#24 C:\laragon\www\DIALCA-API\vendor\laravel\framework\src\Illuminate\Routing\Pipeline.php(53): Illuminate\Pipeline\Pipeline->Illuminate\Pipeline\{closure}(Object(Illuminate\Http\Request))
#25 C:\laragon\www\DIALCA-API\vendor\laravel\framework\src\Illuminate\Foundation\Http\Middleware\TransformsRequest.php(21): Illuminate\Routing\Pipeline->Illuminate\Routing\{closure}(Object(Illuminate\Http\Request))
#26 C:\laragon\www\DIALCA-API\vendor\laravel\framework\src\Illuminate\Pipeline\Pipeline.php(163): Illuminate\Foundation\Http\Middleware\TransformsRequest->handle(Object(Illuminate\Http\Request), Object(Closure))
#27 C:\laragon\www\DIALCA-API\vendor\laravel\framework\src\Illuminate\Routing\Pipeline.php(53): Illuminate\Pipeline\Pipeline->Illuminate\Pipeline\{closure}(Object(Illuminate\Http\Request))
#28 C:\laragon\www\DIALCA-API\vendor\laravel\framework\src\Illuminate\Foundation\Http\Middleware\TransformsRequest.php(21): Illuminate\Routing\Pipeline->Illuminate\Routing\{closure}(Object(Illuminate\Http\Request))
#29 C:\laragon\www\DIALCA-API\vendor\laravel\framework\src\Illuminate\Pipeline\Pipeline.php(163): Illuminate\Foundation\Http\Middleware\TransformsRequest->handle(Object(Illuminate\Http\Request), Object(Closure))
#30 C:\laragon\www\DIALCA-API\vendor\laravel\framework\src\Illuminate\Routing\Pipeline.php(53): Illuminate\Pipeline\Pipeline->Illuminate\Pipeline\{closure}(Object(Illuminate\Http\Request))
#31 C:\laragon\www\DIALCA-API\vendor\laravel\framework\src\Illuminate\Foundation\Http\Middleware\ValidatePostSize.php(27): Illuminate\Routing\Pipeline->Illuminate\Routing\{closure}(Object(Illuminate\Http\Request))
#32 C:\laragon\www\DIALCA-API\vendor\laravel\framework\src\Illuminate\Pipeline\Pipeline.php(163): Illuminate\Foundation\Http\Middleware\ValidatePostSize->handle(Object(Illuminate\Http\Request), Object(Closure))
#33 C:\laragon\www\DIALCA-API\vendor\laravel\framework\src\Illuminate\Routing\Pipeline.php(53): Illuminate\Pipeline\Pipeline->Illuminate\Pipeline\{closure}(Object(Illuminate\Http\Request))
#34 C:\laragon\www\DIALCA-API\vendor\laravel\framework\src\Illuminate\Foundation\Http\Middleware\CheckForMaintenanceMode.php(62): Illuminate\Routing\Pipeline->Illuminate\Routing\{closure}(Object(Illuminate\Http\Request))
#35 C:\laragon\www\DIALCA-API\vendor\laravel\framework\src\Illuminate\Pipeline\Pipeline.php(163): Illuminate\Foundation\Http\Middleware\CheckForMaintenanceMode->handle(Object(Illuminate\Http\Request), Object(Closure))
#36 C:\laragon\www\DIALCA-API\vendor\laravel\framework\src\Illuminate\Routing\Pipeline.php(53): Illuminate\Pipeline\Pipeline->Illuminate\Pipeline\{closure}(Object(Illuminate\Http\Request))
#37 C:\laragon\www\DIALCA-API\vendor\laravel\framework\src\Illuminate\Pipeline\Pipeline.php(104): Illuminate\Routing\Pipeline->Illuminate\Routing\{closure}(Object(Illuminate\Http\Request))
#38 C:\laragon\www\DIALCA-API\vendor\laravel\framework\src\Illuminate\Foundation\Http\Kernel.php(151): Illuminate\Pipeline\Pipeline->then(Object(Closure))
#39 C:\laragon\www\DIALCA-API\vendor\laravel\framework\src\Illuminate\Foundation\Http\Kernel.php(116): Illuminate\Foundation\Http\Kernel->sendRequestThroughRouter(Object(Illuminate\Http\Request))
#40 C:\laragon\www\DIALCA-API\public\index.php(55): Illuminate\Foundation\Http\Kernel->handle(Object(Illuminate\Http\Request))
#41 {main}
2019-12-09 19:35:22 SEVERE: Exception occured while Saving OAuthTokens to file(file::ZohoOAuthPersistenceByFile)(file_get_contents(resources/zcrm_oauthtokens.txt): failed to open stream: No such file or directory)
ErrorException: file_get_contents(resources/zcrm_oauthtokens.txt): failed to open stream: No such file or directory in C:\laragon\www\DIALCA-API\vendor\zohocrm\php-sdk\src\oauth\persistence\ZohoOAuthPersistenceByFile.php:72
Stack trace:
#0 [internal function]: Illuminate\Foundation\Bootstrap\HandleExceptions->handleError(2, 'file_get_conten...', 'C:\\laragon\\www\\...', 72, Array)
#1 C:\laragon\www\DIALCA-API\vendor\zohocrm\php-sdk\src\oauth\persistence\ZohoOAuthPersistenceByFile.php(72): file_get_contents('resources/zcrm_...')
#2 C:\laragon\www\DIALCA-API\vendor\zohocrm\php-sdk\src\oauth\persistence\ZohoOAuthPersistenceByFile.php(23): zcrmsdk\oauth\persistence\ZohoOAuthPersistenceByFile->deleteOAuthTokens('eduardo.rosendo...')
#3 C:\laragon\www\DIALCA-API\vendor\zohocrm\php-sdk\src\oauth\ZohoOAuthClient.php(66): zcrmsdk\oauth\persistence\ZohoOAuthPersistenceByFile->saveOAuthData(Object(zcrmsdk\oauth\utility\ZohoOAuthTokens))
#4 C:\laragon\www\DIALCA-API\routes\api.php(33): zcrmsdk\oauth\ZohoOAuthClient->generateAccessToken('1000.9fce6f3ab7...')
#5 C:\laragon\www\DIALCA-API\vendor\laravel\framework\src\Illuminate\Routing\Route.php(205): Illuminate\Routing\RouteFileRegistrar->{closure}()
#6 C:\laragon\www\DIALCA-API\vendor\laravel\framework\src\Illuminate\Routing\Route.php(179): Illuminate\Routing\Route->runCallable()
#7 C:\laragon\www\DIALCA-API\vendor\laravel\framework\src\Illuminate\Routing\Router.php(680): Illuminate\Routing\Route->run()
#8 C:\laragon\www\DIALCA-API\vendor\laravel\framework\src\Illuminate\Routing\Pipeline.php(30): Illuminate\Routing\Router->Illuminate\Routing\{closure}(Object(Illuminate\Http\Request))
#9 C:\laragon\www\DIALCA-API\vendor\laravel\framework\src\Illuminate\Routing\Middleware\SubstituteBindings.php(41): Illuminate\Routing\Pipeline->Illuminate\Routing\{closure}(Object(Illuminate\Http\Request))
#10 C:\laragon\www\DIALCA-API\vendor\laravel\framework\src\Illuminate\Pipeline\Pipeline.php(163): Illuminate\Routing\Middleware\SubstituteBindings->handle(Object(Illuminate\Http\Request), Object(Closure))
#11 C:\laragon\www\DIALCA-API\vendor\laravel\framework\src\Illuminate\Routing\Pipeline.php(53): Illuminate\Pipeline\Pipeline->Illuminate\Pipeline\{closure}(Object(Illuminate\Http\Request))
#12 C:\laragon\www\DIALCA-API\vendor\laravel\framework\src\Illuminate\Routing\Middleware\ThrottleRequests.php(58): Illuminate\Routing\Pipeline->Illuminate\Routing\{closure}(Object(Illuminate\Http\Request))
#13 C:\laragon\www\DIALCA-API\vendor\laravel\framework\src\Illuminate\Pipeline\Pipeline.php(163): Illuminate\Routing\Middleware\ThrottleRequests->handle(Object(Illuminate\Http\Request), Object(Closure), 60, '1')
#14 C:\laragon\www\DIALCA-API\vendor\laravel\framework\src\Illuminate\Routing\Pipeline.php(53): Illuminate\Pipeline\Pipeline->Illuminate\Pipeline\{closure}(Object(Illuminate\Http\Request))
#15 C:\laragon\www\DIALCA-API\vendor\laravel\framework\src\Illuminate\Pipeline\Pipeline.php(104): Illuminate\Routing\Pipeline->Illuminate\Routing\{closure}(Object(Illuminate\Http\Request))
#16 C:\laragon\www\DIALCA-API\vendor\laravel\framework\src\Illuminate\Routing\Router.php(682): Illuminate\Pipeline\Pipeline->then(Object(Closure))
#17 C:\laragon\www\DIALCA-API\vendor\laravel\framework\src\Illuminate\Routing\Router.php(657): Illuminate\Routing\Router->runRouteWithinStack(Object(Illuminate\Routing\Route), Object(Illuminate\Http\Request))
#18 C:\laragon\www\DIALCA-API\vendor\laravel\framework\src\Illuminate\Routing\Router.php(623): Illuminate\Routing\Router->runRoute(Object(Illuminate\Http\Request), Object(Illuminate\Routing\Route))
#19 C:\laragon\www\DIALCA-API\vendor\laravel\framework\src\Illuminate\Routing\Router.php(612): Illuminate\Routing\Router->dispatchToRoute(Object(Illuminate\Http\Request))
#20 C:\laragon\www\DIALCA-API\vendor\laravel\framework\src\Illuminate\Foundation\Http\Kernel.php(176): Illuminate\Routing\Router->dispatch(Object(Illuminate\Http\Request))
#21 C:\laragon\www\DIALCA-API\vendor\laravel\framework\src\Illuminate\Routing\Pipeline.php(30): Illuminate\Foundation\Http\Kernel->Illuminate\Foundation\Http\{closure}(Object(Illuminate\Http\Request))
#22 C:\laragon\www\DIALCA-API\vendor\fideloper\proxy\src\TrustProxies.php(57): Illuminate\Routing\Pipeline->Illuminate\Routing\{closure}(Object(Illuminate\Http\Request))
#23 C:\laragon\www\DIALCA-API\vendor\laravel\framework\src\Illuminate\Pipeline\Pipeline.php(163): Fideloper\Proxy\TrustProxies->handle(Object(Illuminate\Http\Request), Object(Closure))
#24 C:\laragon\www\DIALCA-API\vendor\laravel\framework\src\Illuminate\Routing\Pipeline.php(53): Illuminate\Pipeline\Pipeline->Illuminate\Pipeline\{closure}(Object(Illuminate\Http\Request))
#25 C:\laragon\www\DIALCA-API\vendor\laravel\framework\src\Illuminate\Foundation\Http\Middleware\TransformsRequest.php(21): Illuminate\Routing\Pipeline->Illuminate\Routing\{closure}(Object(Illuminate\Http\Request))
#26 C:\laragon\www\DIALCA-API\vendor\laravel\framework\src\Illuminate\Pipeline\Pipeline.php(163): Illuminate\Foundation\Http\Middleware\TransformsRequest->handle(Object(Illuminate\Http\Request), Object(Closure))
#27 C:\laragon\www\DIALCA-API\vendor\laravel\framework\src\Illuminate\Routing\Pipeline.php(53): Illuminate\Pipeline\Pipeline->Illuminate\Pipeline\{closure}(Object(Illuminate\Http\Request))
#28 C:\laragon\www\DIALCA-API\vendor\laravel\framework\src\Illuminate\Foundation\Http\Middleware\TransformsRequest.php(21): Illuminate\Routing\Pipeline->Illuminate\Routing\{closure}(Object(Illuminate\Http\Request))
#29 C:\laragon\www\DIALCA-API\vendor\laravel\framework\src\Illuminate\Pipeline\Pipeline.php(163): Illuminate\Foundation\Http\Middleware\TransformsRequest->handle(Object(Illuminate\Http\Request), Object(Closure))
#30 C:\laragon\www\DIALCA-API\vendor\laravel\framework\src\Illuminate\Routing\Pipeline.php(53): Illuminate\Pipeline\Pipeline->Illuminate\Pipeline\{closure}(Object(Illuminate\Http\Request))
#31 C:\laragon\www\DIALCA-API\vendor\laravel\framework\src\Illuminate\Foundation\Http\Middleware\ValidatePostSize.php(27): Illuminate\Routing\Pipeline->Illuminate\Routing\{closure}(Object(Illuminate\Http\Request))
#32 C:\laragon\www\DIALCA-API\vendor\laravel\framework\src\Illuminate\Pipeline\Pipeline.php(163): Illuminate\Foundation\Http\Middleware\ValidatePostSize->handle(Object(Illuminate\Http\Request), Object(Closure))
#33 C:\laragon\www\DIALCA-API\vendor\laravel\framework\src\Illuminate\Routing\Pipeline.php(53): Illuminate\Pipeline\Pipeline->Illuminate\Pipeline\{closure}(Object(Illuminate\Http\Request))
#34 C:\laragon\www\DIALCA-API\vendor\laravel\framework\src\Illuminate\Foundation\Http\Middleware\CheckForMaintenanceMode.php(62): Illuminate\Routing\Pipeline->Illuminate\Routing\{closure}(Object(Illuminate\Http\Request))
#35 C:\laragon\www\DIALCA-API\vendor\laravel\framework\src\Illuminate\Pipeline\Pipeline.php(163): Illuminate\Foundation\Http\Middleware\CheckForMaintenanceMode->handle(Object(Illuminate\Http\Request), Object(Closure))
#36 C:\laragon\www\DIALCA-API\vendor\laravel\framework\src\Illuminate\Routing\Pipeline.php(53): Illuminate\Pipeline\Pipeline->Illuminate\Pipeline\{closure}(Object(Illuminate\Http\Request))
#37 C:\laragon\www\DIALCA-API\vendor\laravel\framework\src\Illuminate\Pipeline\Pipeline.php(104): Illuminate\Routing\Pipeline->Illuminate\Routing\{closure}(Object(Illuminate\Http\Request))
#38 C:\laragon\www\DIALCA-API\vendor\laravel\framework\src\Illuminate\Foundation\Http\Kernel.php(151): Illuminate\Pipeline\Pipeline->then(Object(Closure))
#39 C:\laragon\www\DIALCA-API\vendor\laravel\framework\src\Illuminate\Foundation\Http\Kernel.php(116): Illuminate\Foundation\Http\Kernel->sendRequestThroughRouter(Object(Illuminate\Http\Request))
#40 C:\laragon\www\DIALCA-API\public\index.php(55): Illuminate\Foundation\Http\Kernel->handle(Object(Illuminate\Http\Request))
#41 {main}
2019-12-09 19:35:22 SEVERE: Exception occured while Saving OAuthTokens to file(file::ZohoOAuthPersistenceByFile)(file_get_contents(resources/zcrm_oauthtokens.txt): failed to open stream: No such file or directory)
ErrorException: file_get_contents(resources/zcrm_oauthtokens.txt): failed to open stream: No such file or directory in C:\laragon\www\DIALCA-API\vendor\zohocrm\php-sdk\src\oauth\persistence\ZohoOAuthPersistenceByFile.php:72
Stack trace:
#0 [internal function]: Illuminate\Foundation\Bootstrap\HandleExceptions->handleError(2, 'file_get_conten...', 'C:\\laragon\\www\\...', 72, Array)
#1 C:\laragon\www\DIALCA-API\vendor\zohocrm\php-sdk\src\oauth\persistence\ZohoOAuthPersistenceByFile.php(72): file_get_contents('resources/zcrm_...')
#2 C:\laragon\www\DIALCA-API\vendor\zohocrm\php-sdk\src\oauth\persistence\ZohoOAuthPersistenceByFile.php(23): zcrmsdk\oauth\persistence\ZohoOAuthPersistenceByFile->deleteOAuthTokens('eduardo.rosendo...')
#3 C:\laragon\www\DIALCA-API\vendor\zohocrm\php-sdk\src\oauth\ZohoOAuthClient.php(66): zcrmsdk\oauth\persistence\ZohoOAuthPersistenceByFile->saveOAuthData(Object(zcrmsdk\oauth\utility\ZohoOAuthTokens))
#4 C:\laragon\www\DIALCA-API\routes\api.php(33): zcrmsdk\oauth\ZohoOAuthClient->generateAccessToken('1000.9fce6f3ab7...')
#5 C:\laragon\www\DIALCA-API\vendor\laravel\framework\src\Illuminate\Routing\Route.php(205): Illuminate\Routing\RouteFileRegistrar->{closure}()
#6 C:\laragon\www\DIALCA-API\vendor\laravel\framework\src\Illuminate\Routing\Route.php(179): Illuminate\Routing\Route->runCallable()
#7 C:\laragon\www\DIALCA-API\vendor\laravel\framework\src\Illuminate\Routing\Router.php(680): Illuminate\Routing\Route->run()
#8 C:\laragon\www\DIALCA-API\vendor\laravel\framework\src\Illuminate\Routing\Pipeline.php(30): Illuminate\Routing\Router->Illuminate\Routing\{closure}(Object(Illuminate\Http\Request))
#9 C:\laragon\www\DIALCA-API\vendor\laravel\framework\src\Illuminate\Routing\Middleware\SubstituteBindings.php(41): Illuminate\Routing\Pipeline->Illuminate\Routing\{closure}(Object(Illuminate\Http\Request))
#10 C:\laragon\www\DIALCA-API\vendor\laravel\framework\src\Illuminate\Pipeline\Pipeline.php(163): Illuminate\Routing\Middleware\SubstituteBindings->handle(Object(Illuminate\Http\Request), Object(Closure))
#11 C:\laragon\www\DIALCA-API\vendor\laravel\framework\src\Illuminate\Routing\Pipeline.php(53): Illuminate\Pipeline\Pipeline->Illuminate\Pipeline\{closure}(Object(Illuminate\Http\Request))
#12 C:\laragon\www\DIALCA-API\vendor\laravel\framework\src\Illuminate\Routing\Middleware\ThrottleRequests.php(58): Illuminate\Routing\Pipeline->Illuminate\Routing\{closure}(Object(Illuminate\Http\Request))
#13 C:\laragon\www\DIALCA-API\vendor\laravel\framework\src\Illuminate\Pipeline\Pipeline.php(163): Illuminate\Routing\Middleware\ThrottleRequests->handle(Object(Illuminate\Http\Request), Object(Closure), 60, '1')
#14 C:\laragon\www\DIALCA-API\vendor\laravel\framework\src\Illuminate\Routing\Pipeline.php(53): Illuminate\Pipeline\Pipeline->Illuminate\Pipeline\{closure}(Object(Illuminate\Http\Request))
#15 C:\laragon\www\DIALCA-API\vendor\laravel\framework\src\Illuminate\Pipeline\Pipeline.php(104): Illuminate\Routing\Pipeline->Illuminate\Routing\{closure}(Object(Illuminate\Http\Request))
#16 C:\laragon\www\DIALCA-API\vendor\laravel\framework\src\Illuminate\Routing\Router.php(682): Illuminate\Pipeline\Pipeline->then(Object(Closure))
#17 C:\laragon\www\DIALCA-API\vendor\laravel\framework\src\Illuminate\Routing\Router.php(657): Illuminate\Routing\Router->runRouteWithinStack(Object(Illuminate\Routing\Route), Object(Illuminate\Http\Request))
#18 C:\laragon\www\DIALCA-API\vendor\laravel\framework\src\Illuminate\Routing\Router.php(623): Illuminate\Routing\Router->runRoute(Object(Illuminate\Http\Request), Object(Illuminate\Routing\Route))
#19 C:\laragon\www\DIALCA-API\vendor\laravel\framework\src\Illuminate\Routing\Router.php(612): Illuminate\Routing\Router->dispatchToRoute(Object(Illuminate\Http\Request))
#20 C:\laragon\www\DIALCA-API\vendor\laravel\framework\src\Illuminate\Foundation\Http\Kernel.php(176): Illuminate\Routing\Router->dispatch(Object(Illuminate\Http\Request))
#21 C:\laragon\www\DIALCA-API\vendor\laravel\framework\src\Illuminate\Routing\Pipeline.php(30): Illuminate\Foundation\Http\Kernel->Illuminate\Foundation\Http\{closure}(Object(Illuminate\Http\Request))
#22 C:\laragon\www\DIALCA-API\vendor\fideloper\proxy\src\TrustProxies.php(57): Illuminate\Routing\Pipeline->Illuminate\Routing\{closure}(Object(Illuminate\Http\Request))
#23 C:\laragon\www\DIALCA-API\vendor\laravel\framework\src\Illuminate\Pipeline\Pipeline.php(163): Fideloper\Proxy\TrustProxies->handle(Object(Illuminate\Http\Request), Object(Closure))
#24 C:\laragon\www\DIALCA-API\vendor\laravel\framework\src\Illuminate\Routing\Pipeline.php(53): Illuminate\Pipeline\Pipeline->Illuminate\Pipeline\{closure}(Object(Illuminate\Http\Request))
#25 C:\laragon\www\DIALCA-API\vendor\laravel\framework\src\Illuminate\Foundation\Http\Middleware\TransformsRequest.php(21): Illuminate\Routing\Pipeline->Illuminate\Routing\{closure}(Object(Illuminate\Http\Request))
#26 C:\laragon\www\DIALCA-API\vendor\laravel\framework\src\Illuminate\Pipeline\Pipeline.php(163): Illuminate\Foundation\Http\Middleware\TransformsRequest->handle(Object(Illuminate\Http\Request), Object(Closure))
#27 C:\laragon\www\DIALCA-API\vendor\laravel\framework\src\Illuminate\Routing\Pipeline.php(53): Illuminate\Pipeline\Pipeline->Illuminate\Pipeline\{closure}(Object(Illuminate\Http\Request))
#28 C:\laragon\www\DIALCA-API\vendor\laravel\framework\src\Illuminate\Foundation\Http\Middleware\TransformsRequest.php(21): Illuminate\Routing\Pipeline->Illuminate\Routing\{closure}(Object(Illuminate\Http\Request))
#29 C:\laragon\www\DIALCA-API\vendor\laravel\framework\src\Illuminate\Pipeline\Pipeline.php(163): Illuminate\Foundation\Http\Middleware\TransformsRequest->handle(Object(Illuminate\Http\Request), Object(Closure))
#30 C:\laragon\www\DIALCA-API\vendor\laravel\framework\src\Illuminate\Routing\Pipeline.php(53): Illuminate\Pipeline\Pipeline->Illuminate\Pipeline\{closure}(Object(Illuminate\Http\Request))
#31 C:\laragon\www\DIALCA-API\vendor\laravel\framework\src\Illuminate\Foundation\Http\Middleware\ValidatePostSize.php(27): Illuminate\Routing\Pipeline->Illuminate\Routing\{closure}(Object(Illuminate\Http\Request))
#32 C:\laragon\www\DIALCA-API\vendor\laravel\framework\src\Illuminate\Pipeline\Pipeline.php(163): Illuminate\Foundation\Http\Middleware\ValidatePostSize->handle(Object(Illuminate\Http\Request), Object(Closure))
#33 C:\laragon\www\DIALCA-API\vendor\laravel\framework\src\Illuminate\Routing\Pipeline.php(53): Illuminate\Pipeline\Pipeline->Illuminate\Pipeline\{closure}(Object(Illuminate\Http\Request))
#34 C:\laragon\www\DIALCA-API\vendor\laravel\framework\src\Illuminate\Foundation\Http\Middleware\CheckForMaintenanceMode.php(62): Illuminate\Routing\Pipeline->Illuminate\Routing\{closure}(Object(Illuminate\Http\Request))
#35 C:\laragon\www\DIALCA-API\vendor\laravel\framework\src\Illuminate\Pipeline\Pipeline.php(163): Illuminate\Foundation\Http\Middleware\CheckForMaintenanceMode->handle(Object(Illuminate\Http\Request), Object(Closure))
#36 C:\laragon\www\DIALCA-API\vendor\laravel\framework\src\Illuminate\Routing\Pipeline.php(53): Illuminate\Pipeline\Pipeline->Illuminate\Pipeline\{closure}(Object(Illuminate\Http\Request))
#37 C:\laragon\www\DIALCA-API\vendor\laravel\framework\src\Illuminate\Pipeline\Pipeline.php(104): Illuminate\Routing\Pipeline->Illuminate\Routing\{closure}(Object(Illuminate\Http\Request))
#38 C:\laragon\www\DIALCA-API\vendor\laravel\framework\src\Illuminate\Foundation\Http\Kernel.php(151): Illuminate\Pipeline\Pipeline->then(Object(Closure))
#39 C:\laragon\www\DIALCA-API\vendor\laravel\framework\src\Illuminate\Foundation\Http\Kernel.php(116): Illuminate\Foundation\Http\Kernel->sendRequestThroughRouter(Object(Illuminate\Http\Request))
#40 C:\laragon\www\DIALCA-API\public\index.php(55): Illuminate\Foundation\Http\Kernel->handle(Object(Illuminate\Http\Request))
#41 {main}
2019-12-09 19:45:07 SEVERE: Exception occured while Saving OAuthTokens to file(file::ZohoOAuthPersistenceByFile)(file_get_contents(/resources/zcrm_oauthtokens.txt): failed to open stream: No such file or directory)
ErrorException: file_get_contents(/resources/zcrm_oauthtokens.txt): failed to open stream: No such file or directory in C:\laragon\www\DIALCA-API\vendor\zohocrm\php-sdk\src\oauth\persistence\ZohoOAuthPersistenceByFile.php:72
Stack trace:
#0 [internal function]: Illuminate\Foundation\Bootstrap\HandleExceptions->handleError(2, 'file_get_conten...', 'C:\\laragon\\www\\...', 72, Array)
#1 C:\laragon\www\DIALCA-API\vendor\zohocrm\php-sdk\src\oauth\persistence\ZohoOAuthPersistenceByFile.php(72): file_get_contents('/resources/zcrm...')
#2 C:\laragon\www\DIALCA-API\vendor\zohocrm\php-sdk\src\oauth\persistence\ZohoOAuthPersistenceByFile.php(23): zcrmsdk\oauth\persistence\ZohoOAuthPersistenceByFile->deleteOAuthTokens('eduardo.rosendo...')
#3 C:\laragon\www\DIALCA-API\vendor\zohocrm\php-sdk\src\oauth\ZohoOAuthClient.php(66): zcrmsdk\oauth\persistence\ZohoOAuthPersistenceByFile->saveOAuthData(Object(zcrmsdk\oauth\utility\ZohoOAuthTokens))
#4 C:\laragon\www\DIALCA-API\routes\api.php(33): zcrmsdk\oauth\ZohoOAuthClient->generateAccessToken('1000.357818abc0...')
#5 C:\laragon\www\DIALCA-API\vendor\laravel\framework\src\Illuminate\Routing\Route.php(205): Illuminate\Routing\RouteFileRegistrar->{closure}()
#6 C:\laragon\www\DIALCA-API\vendor\laravel\framework\src\Illuminate\Routing\Route.php(179): Illuminate\Routing\Route->runCallable()
#7 C:\laragon\www\DIALCA-API\vendor\laravel\framework\src\Illuminate\Routing\Router.php(680): Illuminate\Routing\Route->run()
#8 C:\laragon\www\DIALCA-API\vendor\laravel\framework\src\Illuminate\Routing\Pipeline.php(30): Illuminate\Routing\Router->Illuminate\Routing\{closure}(Object(Illuminate\Http\Request))
#9 C:\laragon\www\DIALCA-API\vendor\laravel\framework\src\Illuminate\Routing\Middleware\SubstituteBindings.php(41): Illuminate\Routing\Pipeline->Illuminate\Routing\{closure}(Object(Illuminate\Http\Request))
#10 C:\laragon\www\DIALCA-API\vendor\laravel\framework\src\Illuminate\Pipeline\Pipeline.php(163): Illuminate\Routing\Middleware\SubstituteBindings->handle(Object(Illuminate\Http\Request), Object(Closure))
#11 C:\laragon\www\DIALCA-API\vendor\laravel\framework\src\Illuminate\Routing\Pipeline.php(53): Illuminate\Pipeline\Pipeline->Illuminate\Pipeline\{closure}(Object(Illuminate\Http\Request))
#12 C:\laragon\www\DIALCA-API\vendor\laravel\framework\src\Illuminate\Routing\Middleware\ThrottleRequests.php(58): Illuminate\Routing\Pipeline->Illuminate\Routing\{closure}(Object(Illuminate\Http\Request))
#13 C:\laragon\www\DIALCA-API\vendor\laravel\framework\src\Illuminate\Pipeline\Pipeline.php(163): Illuminate\Routing\Middleware\ThrottleRequests->handle(Object(Illuminate\Http\Request), Object(Closure), 60, '1')
#14 C:\laragon\www\DIALCA-API\vendor\laravel\framework\src\Illuminate\Routing\Pipeline.php(53): Illuminate\Pipeline\Pipeline->Illuminate\Pipeline\{closure}(Object(Illuminate\Http\Request))
#15 C:\laragon\www\DIALCA-API\vendor\laravel\framework\src\Illuminate\Pipeline\Pipeline.php(104): Illuminate\Routing\Pipeline->Illuminate\Routing\{closure}(Object(Illuminate\Http\Request))
#16 C:\laragon\www\DIALCA-API\vendor\laravel\framework\src\Illuminate\Routing\Router.php(682): Illuminate\Pipeline\Pipeline->then(Object(Closure))
#17 C:\laragon\www\DIALCA-API\vendor\laravel\framework\src\Illuminate\Routing\Router.php(657): Illuminate\Routing\Router->runRouteWithinStack(Object(Illuminate\Routing\Route), Object(Illuminate\Http\Request))
#18 C:\laragon\www\DIALCA-API\vendor\laravel\framework\src\Illuminate\Routing\Router.php(623): Illuminate\Routing\Router->runRoute(Object(Illuminate\Http\Request), Object(Illuminate\Routing\Route))
#19 C:\laragon\www\DIALCA-API\vendor\laravel\framework\src\Illuminate\Routing\Router.php(612): Illuminate\Routing\Router->dispatchToRoute(Object(Illuminate\Http\Request))
#20 C:\laragon\www\DIALCA-API\vendor\laravel\framework\src\Illuminate\Foundation\Http\Kernel.php(176): Illuminate\Routing\Router->dispatch(Object(Illuminate\Http\Request))
#21 C:\laragon\www\DIALCA-API\vendor\laravel\framework\src\Illuminate\Routing\Pipeline.php(30): Illuminate\Foundation\Http\Kernel->Illuminate\Foundation\Http\{closure}(Object(Illuminate\Http\Request))
#22 C:\laragon\www\DIALCA-API\vendor\fideloper\proxy\src\TrustProxies.php(57): Illuminate\Routing\Pipeline->Illuminate\Routing\{closure}(Object(Illuminate\Http\Request))
#23 C:\laragon\www\DIALCA-API\vendor\laravel\framework\src\Illuminate\Pipeline\Pipeline.php(163): Fideloper\Proxy\TrustProxies->handle(Object(Illuminate\Http\Request), Object(Closure))
#24 C:\laragon\www\DIALCA-API\vendor\laravel\framework\src\Illuminate\Routing\Pipeline.php(53): Illuminate\Pipeline\Pipeline->Illuminate\Pipeline\{closure}(Object(Illuminate\Http\Request))
#25 C:\laragon\www\DIALCA-API\vendor\laravel\framework\src\Illuminate\Foundation\Http\Middleware\TransformsRequest.php(21): Illuminate\Routing\Pipeline->Illuminate\Routing\{closure}(Object(Illuminate\Http\Request))
#26 C:\laragon\www\DIALCA-API\vendor\laravel\framework\src\Illuminate\Pipeline\Pipeline.php(163): Illuminate\Foundation\Http\Middleware\TransformsRequest->handle(Object(Illuminate\Http\Request), Object(Closure))
#27 C:\laragon\www\DIALCA-API\vendor\laravel\framework\src\Illuminate\Routing\Pipeline.php(53): Illuminate\Pipeline\Pipeline->Illuminate\Pipeline\{closure}(Object(Illuminate\Http\Request))
#28 C:\laragon\www\DIALCA-API\vendor\laravel\framework\src\Illuminate\Foundation\Http\Middleware\TransformsRequest.php(21): Illuminate\Routing\Pipeline->Illuminate\Routing\{closure}(Object(Illuminate\Http\Request))
#29 C:\laragon\www\DIALCA-API\vendor\laravel\framework\src\Illuminate\Pipeline\Pipeline.php(163): Illuminate\Foundation\Http\Middleware\TransformsRequest->handle(Object(Illuminate\Http\Request), Object(Closure))
#30 C:\laragon\www\DIALCA-API\vendor\laravel\framework\src\Illuminate\Routing\Pipeline.php(53): Illuminate\Pipeline\Pipeline->Illuminate\Pipeline\{closure}(Object(Illuminate\Http\Request))
#31 C:\laragon\www\DIALCA-API\vendor\laravel\framework\src\Illuminate\Foundation\Http\Middleware\ValidatePostSize.php(27): Illuminate\Routing\Pipeline->Illuminate\Routing\{closure}(Object(Illuminate\Http\Request))
#32 C:\laragon\www\DIALCA-API\vendor\laravel\framework\src\Illuminate\Pipeline\Pipeline.php(163): Illuminate\Foundation\Http\Middleware\ValidatePostSize->handle(Object(Illuminate\Http\Request), Object(Closure))
#33 C:\laragon\www\DIALCA-API\vendor\laravel\framework\src\Illuminate\Routing\Pipeline.php(53): Illuminate\Pipeline\Pipeline->Illuminate\Pipeline\{closure}(Object(Illuminate\Http\Request))
#34 C:\laragon\www\DIALCA-API\vendor\laravel\framework\src\Illuminate\Foundation\Http\Middleware\CheckForMaintenanceMode.php(62): Illuminate\Routing\Pipeline->Illuminate\Routing\{closure}(Object(Illuminate\Http\Request))
#35 C:\laragon\www\DIALCA-API\vendor\laravel\framework\src\Illuminate\Pipeline\Pipeline.php(163): Illuminate\Foundation\Http\Middleware\CheckForMaintenanceMode->handle(Object(Illuminate\Http\Request), Object(Closure))
#36 C:\laragon\www\DIALCA-API\vendor\laravel\framework\src\Illuminate\Routing\Pipeline.php(53): Illuminate\Pipeline\Pipeline->Illuminate\Pipeline\{closure}(Object(Illuminate\Http\Request))
#37 C:\laragon\www\DIALCA-API\vendor\laravel\framework\src\Illuminate\Pipeline\Pipeline.php(104): Illuminate\Routing\Pipeline->Illuminate\Routing\{closure}(Object(Illuminate\Http\Request))
#38 C:\laragon\www\DIALCA-API\vendor\laravel\framework\src\Illuminate\Foundation\Http\Kernel.php(151): Illuminate\Pipeline\Pipeline->then(Object(Closure))
#39 C:\laragon\www\DIALCA-API\vendor\laravel\framework\src\Illuminate\Foundation\Http\Kernel.php(116): Illuminate\Foundation\Http\Kernel->sendRequestThroughRouter(Object(Illuminate\Http\Request))
#40 C:\laragon\www\DIALCA-API\public\index.php(55): Illuminate\Foundation\Http\Kernel->handle(Object(Illuminate\Http\Request))
#41 {main}
2019-12-09 19:45:07 SEVERE: Exception occured while Saving OAuthTokens to file(file::ZohoOAuthPersistenceByFile)(file_get_contents(/resources/zcrm_oauthtokens.txt): failed to open stream: No such file or directory)
ErrorException: file_get_contents(/resources/zcrm_oauthtokens.txt): failed to open stream: No such file or directory in C:\laragon\www\DIALCA-API\vendor\zohocrm\php-sdk\src\oauth\persistence\ZohoOAuthPersistenceByFile.php:72
Stack trace:
#0 [internal function]: Illuminate\Foundation\Bootstrap\HandleExceptions->handleError(2, 'file_get_conten...', 'C:\\laragon\\www\\...', 72, Array)
#1 C:\laragon\www\DIALCA-API\vendor\zohocrm\php-sdk\src\oauth\persistence\ZohoOAuthPersistenceByFile.php(72): file_get_contents('/resources/zcrm...')
#2 C:\laragon\www\DIALCA-API\vendor\zohocrm\php-sdk\src\oauth\persistence\ZohoOAuthPersistenceByFile.php(23): zcrmsdk\oauth\persistence\ZohoOAuthPersistenceByFile->deleteOAuthTokens('eduardo.rosendo...')
#3 C:\laragon\www\DIALCA-API\vendor\zohocrm\php-sdk\src\oauth\ZohoOAuthClient.php(66): zcrmsdk\oauth\persistence\ZohoOAuthPersistenceByFile->saveOAuthData(Object(zcrmsdk\oauth\utility\ZohoOAuthTokens))
#4 C:\laragon\www\DIALCA-API\routes\api.php(33): zcrmsdk\oauth\ZohoOAuthClient->generateAccessToken('1000.357818abc0...')
#5 C:\laragon\www\DIALCA-API\vendor\laravel\framework\src\Illuminate\Routing\Route.php(205): Illuminate\Routing\RouteFileRegistrar->{closure}()
#6 C:\laragon\www\DIALCA-API\vendor\laravel\framework\src\Illuminate\Routing\Route.php(179): Illuminate\Routing\Route->runCallable()
#7 C:\laragon\www\DIALCA-API\vendor\laravel\framework\src\Illuminate\Routing\Router.php(680): Illuminate\Routing\Route->run()
#8 C:\laragon\www\DIALCA-API\vendor\laravel\framework\src\Illuminate\Routing\Pipeline.php(30): Illuminate\Routing\Router->Illuminate\Routing\{closure}(Object(Illuminate\Http\Request))
#9 C:\laragon\www\DIALCA-API\vendor\laravel\framework\src\Illuminate\Routing\Middleware\SubstituteBindings.php(41): Illuminate\Routing\Pipeline->Illuminate\Routing\{closure}(Object(Illuminate\Http\Request))
#10 C:\laragon\www\DIALCA-API\vendor\laravel\framework\src\Illuminate\Pipeline\Pipeline.php(163): Illuminate\Routing\Middleware\SubstituteBindings->handle(Object(Illuminate\Http\Request), Object(Closure))
#11 C:\laragon\www\DIALCA-API\vendor\laravel\framework\src\Illuminate\Routing\Pipeline.php(53): Illuminate\Pipeline\Pipeline->Illuminate\Pipeline\{closure}(Object(Illuminate\Http\Request))
#12 C:\laragon\www\DIALCA-API\vendor\laravel\framework\src\Illuminate\Routing\Middleware\ThrottleRequests.php(58): Illuminate\Routing\Pipeline->Illuminate\Routing\{closure}(Object(Illuminate\Http\Request))
#13 C:\laragon\www\DIALCA-API\vendor\laravel\framework\src\Illuminate\Pipeline\Pipeline.php(163): Illuminate\Routing\Middleware\ThrottleRequests->handle(Object(Illuminate\Http\Request), Object(Closure), 60, '1')
#14 C:\laragon\www\DIALCA-API\vendor\laravel\framework\src\Illuminate\Routing\Pipeline.php(53): Illuminate\Pipeline\Pipeline->Illuminate\Pipeline\{closure}(Object(Illuminate\Http\Request))
#15 C:\laragon\www\DIALCA-API\vendor\laravel\framework\src\Illuminate\Pipeline\Pipeline.php(104): Illuminate\Routing\Pipeline->Illuminate\Routing\{closure}(Object(Illuminate\Http\Request))
#16 C:\laragon\www\DIALCA-API\vendor\laravel\framework\src\Illuminate\Routing\Router.php(682): Illuminate\Pipeline\Pipeline->then(Object(Closure))
#17 C:\laragon\www\DIALCA-API\vendor\laravel\framework\src\Illuminate\Routing\Router.php(657): Illuminate\Routing\Router->runRouteWithinStack(Object(Illuminate\Routing\Route), Object(Illuminate\Http\Request))
#18 C:\laragon\www\DIALCA-API\vendor\laravel\framework\src\Illuminate\Routing\Router.php(623): Illuminate\Routing\Router->runRoute(Object(Illuminate\Http\Request), Object(Illuminate\Routing\Route))
#19 C:\laragon\www\DIALCA-API\vendor\laravel\framework\src\Illuminate\Routing\Router.php(612): Illuminate\Routing\Router->dispatchToRoute(Object(Illuminate\Http\Request))
#20 C:\laragon\www\DIALCA-API\vendor\laravel\framework\src\Illuminate\Foundation\Http\Kernel.php(176): Illuminate\Routing\Router->dispatch(Object(Illuminate\Http\Request))
#21 C:\laragon\www\DIALCA-API\vendor\laravel\framework\src\Illuminate\Routing\Pipeline.php(30): Illuminate\Foundation\Http\Kernel->Illuminate\Foundation\Http\{closure}(Object(Illuminate\Http\Request))
#22 C:\laragon\www\DIALCA-API\vendor\fideloper\proxy\src\TrustProxies.php(57): Illuminate\Routing\Pipeline->Illuminate\Routing\{closure}(Object(Illuminate\Http\Request))
#23 C:\laragon\www\DIALCA-API\vendor\laravel\framework\src\Illuminate\Pipeline\Pipeline.php(163): Fideloper\Proxy\TrustProxies->handle(Object(Illuminate\Http\Request), Object(Closure))
#24 C:\laragon\www\DIALCA-API\vendor\laravel\framework\src\Illuminate\Routing\Pipeline.php(53): Illuminate\Pipeline\Pipeline->Illuminate\Pipeline\{closure}(Object(Illuminate\Http\Request))
#25 C:\laragon\www\DIALCA-API\vendor\laravel\framework\src\Illuminate\Foundation\Http\Middleware\TransformsRequest.php(21): Illuminate\Routing\Pipeline->Illuminate\Routing\{closure}(Object(Illuminate\Http\Request))
#26 C:\laragon\www\DIALCA-API\vendor\laravel\framework\src\Illuminate\Pipeline\Pipeline.php(163): Illuminate\Foundation\Http\Middleware\TransformsRequest->handle(Object(Illuminate\Http\Request), Object(Closure))
#27 C:\laragon\www\DIALCA-API\vendor\laravel\framework\src\Illuminate\Routing\Pipeline.php(53): Illuminate\Pipeline\Pipeline->Illuminate\Pipeline\{closure}(Object(Illuminate\Http\Request))
#28 C:\laragon\www\DIALCA-API\vendor\laravel\framework\src\Illuminate\Foundation\Http\Middleware\TransformsRequest.php(21): Illuminate\Routing\Pipeline->Illuminate\Routing\{closure}(Object(Illuminate\Http\Request))
#29 C:\laragon\www\DIALCA-API\vendor\laravel\framework\src\Illuminate\Pipeline\Pipeline.php(163): Illuminate\Foundation\Http\Middleware\TransformsRequest->handle(Object(Illuminate\Http\Request), Object(Closure))
#30 C:\laragon\www\DIALCA-API\vendor\laravel\framework\src\Illuminate\Routing\Pipeline.php(53): Illuminate\Pipeline\Pipeline->Illuminate\Pipeline\{closure}(Object(Illuminate\Http\Request))
#31 C:\laragon\www\DIALCA-API\vendor\laravel\framework\src\Illuminate\Foundation\Http\Middleware\ValidatePostSize.php(27): Illuminate\Routing\Pipeline->Illuminate\Routing\{closure}(Object(Illuminate\Http\Request))
#32 C:\laragon\www\DIALCA-API\vendor\laravel\framework\src\Illuminate\Pipeline\Pipeline.php(163): Illuminate\Foundation\Http\Middleware\ValidatePostSize->handle(Object(Illuminate\Http\Request), Object(Closure))
#33 C:\laragon\www\DIALCA-API\vendor\laravel\framework\src\Illuminate\Routing\Pipeline.php(53): Illuminate\Pipeline\Pipeline->Illuminate\Pipeline\{closure}(Object(Illuminate\Http\Request))
#34 C:\laragon\www\DIALCA-API\vendor\laravel\framework\src\Illuminate\Foundation\Http\Middleware\CheckForMaintenanceMode.php(62): Illuminate\Routing\Pipeline->Illuminate\Routing\{closure}(Object(Illuminate\Http\Request))
#35 C:\laragon\www\DIALCA-API\vendor\laravel\framework\src\Illuminate\Pipeline\Pipeline.php(163): Illuminate\Foundation\Http\Middleware\CheckForMaintenanceMode->handle(Object(Illuminate\Http\Request), Object(Closure))
#36 C:\laragon\www\DIALCA-API\vendor\laravel\framework\src\Illuminate\Routing\Pipeline.php(53): Illuminate\Pipeline\Pipeline->Illuminate\Pipeline\{closure}(Object(Illuminate\Http\Request))
#37 C:\laragon\www\DIALCA-API\vendor\laravel\framework\src\Illuminate\Pipeline\Pipeline.php(104): Illuminate\Routing\Pipeline->Illuminate\Routing\{closure}(Object(Illuminate\Http\Request))
#38 C:\laragon\www\DIALCA-API\vendor\laravel\framework\src\Illuminate\Foundation\Http\Kernel.php(151): Illuminate\Pipeline\Pipeline->then(Object(Closure))
#39 C:\laragon\www\DIALCA-API\vendor\laravel\framework\src\Illuminate\Foundation\Http\Kernel.php(116): Illuminate\Foundation\Http\Kernel->sendRequestThroughRouter(Object(Illuminate\Http\Request))
#40 C:\laragon\www\DIALCA-API\public\index.php(55): Illuminate\Foundation\Http\Kernel->handle(Object(Illuminate\Http\Request))
#41 {main}
2019-12-09 19:50:19 SEVERE: Exception occured while Saving OAuthTokens to file(file::ZohoOAuthPersistenceByFile)(file_get_contents(/public/persistence/zcrm_oauthtokens.txt): failed to open stream: No such file or directory)
ErrorException: file_get_contents(/public/persistence/zcrm_oauthtokens.txt): failed to open stream: No such file or directory in C:\laragon\www\DIALCA-API\vendor\zohocrm\php-sdk\src\oauth\persistence\ZohoOAuthPersistenceByFile.php:72
Stack trace:
#0 [internal function]: Illuminate\Foundation\Bootstrap\HandleExceptions->handleError(2, 'file_get_conten...', 'C:\\laragon\\www\\...', 72, Array)
#1 C:\laragon\www\DIALCA-API\vendor\zohocrm\php-sdk\src\oauth\persistence\ZohoOAuthPersistenceByFile.php(72): file_get_contents('/public/persist...')
#2 C:\laragon\www\DIALCA-API\vendor\zohocrm\php-sdk\src\oauth\persistence\ZohoOAuthPersistenceByFile.php(23): zcrmsdk\oauth\persistence\ZohoOAuthPersistenceByFile->deleteOAuthTokens('eduardo.rosendo...')
#3 C:\laragon\www\DIALCA-API\vendor\zohocrm\php-sdk\src\oauth\ZohoOAuthClient.php(66): zcrmsdk\oauth\persistence\ZohoOAuthPersistenceByFile->saveOAuthData(Object(zcrmsdk\oauth\utility\ZohoOAuthTokens))
#4 C:\laragon\www\DIALCA-API\routes\api.php(33): zcrmsdk\oauth\ZohoOAuthClient->generateAccessToken('1000.b73f861e61...')
#5 C:\laragon\www\DIALCA-API\vendor\laravel\framework\src\Illuminate\Routing\Route.php(205): Illuminate\Routing\RouteFileRegistrar->{closure}()
#6 C:\laragon\www\DIALCA-API\vendor\laravel\framework\src\Illuminate\Routing\Route.php(179): Illuminate\Routing\Route->runCallable()
#7 C:\laragon\www\DIALCA-API\vendor\laravel\framework\src\Illuminate\Routing\Router.php(680): Illuminate\Routing\Route->run()
#8 C:\laragon\www\DIALCA-API\vendor\laravel\framework\src\Illuminate\Routing\Pipeline.php(30): Illuminate\Routing\Router->Illuminate\Routing\{closure}(Object(Illuminate\Http\Request))
#9 C:\laragon\www\DIALCA-API\vendor\laravel\framework\src\Illuminate\Routing\Middleware\SubstituteBindings.php(41): Illuminate\Routing\Pipeline->Illuminate\Routing\{closure}(Object(Illuminate\Http\Request))
#10 C:\laragon\www\DIALCA-API\vendor\laravel\framework\src\Illuminate\Pipeline\Pipeline.php(163): Illuminate\Routing\Middleware\SubstituteBindings->handle(Object(Illuminate\Http\Request), Object(Closure))
#11 C:\laragon\www\DIALCA-API\vendor\laravel\framework\src\Illuminate\Routing\Pipeline.php(53): Illuminate\Pipeline\Pipeline->Illuminate\Pipeline\{closure}(Object(Illuminate\Http\Request))
#12 C:\laragon\www\DIALCA-API\vendor\laravel\framework\src\Illuminate\Routing\Middleware\ThrottleRequests.php(58): Illuminate\Routing\Pipeline->Illuminate\Routing\{closure}(Object(Illuminate\Http\Request))
#13 C:\laragon\www\DIALCA-API\vendor\laravel\framework\src\Illuminate\Pipeline\Pipeline.php(163): Illuminate\Routing\Middleware\ThrottleRequests->handle(Object(Illuminate\Http\Request), Object(Closure), 60, '1')
#14 C:\laragon\www\DIALCA-API\vendor\laravel\framework\src\Illuminate\Routing\Pipeline.php(53): Illuminate\Pipeline\Pipeline->Illuminate\Pipeline\{closure}(Object(Illuminate\Http\Request))
#15 C:\laragon\www\DIALCA-API\vendor\laravel\framework\src\Illuminate\Pipeline\Pipeline.php(104): Illuminate\Routing\Pipeline->Illuminate\Routing\{closure}(Object(Illuminate\Http\Request))
#16 C:\laragon\www\DIALCA-API\vendor\laravel\framework\src\Illuminate\Routing\Router.php(682): Illuminate\Pipeline\Pipeline->then(Object(Closure))
#17 C:\laragon\www\DIALCA-API\vendor\laravel\framework\src\Illuminate\Routing\Router.php(657): Illuminate\Routing\Router->runRouteWithinStack(Object(Illuminate\Routing\Route), Object(Illuminate\Http\Request))
#18 C:\laragon\www\DIALCA-API\vendor\laravel\framework\src\Illuminate\Routing\Router.php(623): Illuminate\Routing\Router->runRoute(Object(Illuminate\Http\Request), Object(Illuminate\Routing\Route))
#19 C:\laragon\www\DIALCA-API\vendor\laravel\framework\src\Illuminate\Routing\Router.php(612): Illuminate\Routing\Router->dispatchToRoute(Object(Illuminate\Http\Request))
#20 C:\laragon\www\DIALCA-API\vendor\laravel\framework\src\Illuminate\Foundation\Http\Kernel.php(176): Illuminate\Routing\Router->dispatch(Object(Illuminate\Http\Request))
#21 C:\laragon\www\DIALCA-API\vendor\laravel\framework\src\Illuminate\Routing\Pipeline.php(30): Illuminate\Foundation\Http\Kernel->Illuminate\Foundation\Http\{closure}(Object(Illuminate\Http\Request))
#22 C:\laragon\www\DIALCA-API\vendor\fideloper\proxy\src\TrustProxies.php(57): Illuminate\Routing\Pipeline->Illuminate\Routing\{closure}(Object(Illuminate\Http\Request))
#23 C:\laragon\www\DIALCA-API\vendor\laravel\framework\src\Illuminate\Pipeline\Pipeline.php(163): Fideloper\Proxy\TrustProxies->handle(Object(Illuminate\Http\Request), Object(Closure))
#24 C:\laragon\www\DIALCA-API\vendor\laravel\framework\src\Illuminate\Routing\Pipeline.php(53): Illuminate\Pipeline\Pipeline->Illuminate\Pipeline\{closure}(Object(Illuminate\Http\Request))
#25 C:\laragon\www\DIALCA-API\vendor\laravel\framework\src\Illuminate\Foundation\Http\Middleware\TransformsRequest.php(21): Illuminate\Routing\Pipeline->Illuminate\Routing\{closure}(Object(Illuminate\Http\Request))
#26 C:\laragon\www\DIALCA-API\vendor\laravel\framework\src\Illuminate\Pipeline\Pipeline.php(163): Illuminate\Foundation\Http\Middleware\TransformsRequest->handle(Object(Illuminate\Http\Request), Object(Closure))
#27 C:\laragon\www\DIALCA-API\vendor\laravel\framework\src\Illuminate\Routing\Pipeline.php(53): Illuminate\Pipeline\Pipeline->Illuminate\Pipeline\{closure}(Object(Illuminate\Http\Request))
#28 C:\laragon\www\DIALCA-API\vendor\laravel\framework\src\Illuminate\Foundation\Http\Middleware\TransformsRequest.php(21): Illuminate\Routing\Pipeline->Illuminate\Routing\{closure}(Object(Illuminate\Http\Request))
#29 C:\laragon\www\DIALCA-API\vendor\laravel\framework\src\Illuminate\Pipeline\Pipeline.php(163): Illuminate\Foundation\Http\Middleware\TransformsRequest->handle(Object(Illuminate\Http\Request), Object(Closure))
#30 C:\laragon\www\DIALCA-API\vendor\laravel\framework\src\Illuminate\Routing\Pipeline.php(53): Illuminate\Pipeline\Pipeline->Illuminate\Pipeline\{closure}(Object(Illuminate\Http\Request))
#31 C:\laragon\www\DIALCA-API\vendor\laravel\framework\src\Illuminate\Foundation\Http\Middleware\ValidatePostSize.php(27): Illuminate\Routing\Pipeline->Illuminate\Routing\{closure}(Object(Illuminate\Http\Request))
#32 C:\laragon\www\DIALCA-API\vendor\laravel\framework\src\Illuminate\Pipeline\Pipeline.php(163): Illuminate\Foundation\Http\Middleware\ValidatePostSize->handle(Object(Illuminate\Http\Request), Object(Closure))
#33 C:\laragon\www\DIALCA-API\vendor\laravel\framework\src\Illuminate\Routing\Pipeline.php(53): Illuminate\Pipeline\Pipeline->Illuminate\Pipeline\{closure}(Object(Illuminate\Http\Request))
#34 C:\laragon\www\DIALCA-API\vendor\laravel\framework\src\Illuminate\Foundation\Http\Middleware\CheckForMaintenanceMode.php(62): Illuminate\Routing\Pipeline->Illuminate\Routing\{closure}(Object(Illuminate\Http\Request))
#35 C:\laragon\www\DIALCA-API\vendor\laravel\framework\src\Illuminate\Pipeline\Pipeline.php(163): Illuminate\Foundation\Http\Middleware\CheckForMaintenanceMode->handle(Object(Illuminate\Http\Request), Object(Closure))
#36 C:\laragon\www\DIALCA-API\vendor\laravel\framework\src\Illuminate\Routing\Pipeline.php(53): Illuminate\Pipeline\Pipeline->Illuminate\Pipeline\{closure}(Object(Illuminate\Http\Request))
#37 C:\laragon\www\DIALCA-API\vendor\laravel\framework\src\Illuminate\Pipeline\Pipeline.php(104): Illuminate\Routing\Pipeline->Illuminate\Routing\{closure}(Object(Illuminate\Http\Request))
#38 C:\laragon\www\DIALCA-API\vendor\laravel\framework\src\Illuminate\Foundation\Http\Kernel.php(151): Illuminate\Pipeline\Pipeline->then(Object(Closure))
#39 C:\laragon\www\DIALCA-API\vendor\laravel\framework\src\Illuminate\Foundation\Http\Kernel.php(116): Illuminate\Foundation\Http\Kernel->sendRequestThroughRouter(Object(Illuminate\Http\Request))
#40 C:\laragon\www\DIALCA-API\public\index.php(55): Illuminate\Foundation\Http\Kernel->handle(Object(Illuminate\Http\Request))
#41 {main}
2019-12-09 19:50:19 SEVERE: Exception occured while Saving OAuthTokens to file(file::ZohoOAuthPersistenceByFile)(file_get_contents(/public/persistence/zcrm_oauthtokens.txt): failed to open stream: No such file or directory)
ErrorException: file_get_contents(/public/persistence/zcrm_oauthtokens.txt): failed to open stream: No such file or directory in C:\laragon\www\DIALCA-API\vendor\zohocrm\php-sdk\src\oauth\persistence\ZohoOAuthPersistenceByFile.php:72
Stack trace:
#0 [internal function]: Illuminate\Foundation\Bootstrap\HandleExceptions->handleError(2, 'file_get_conten...', 'C:\\laragon\\www\\...', 72, Array)
#1 C:\laragon\www\DIALCA-API\vendor\zohocrm\php-sdk\src\oauth\persistence\ZohoOAuthPersistenceByFile.php(72): file_get_contents('/public/persist...')
#2 C:\laragon\www\DIALCA-API\vendor\zohocrm\php-sdk\src\oauth\persistence\ZohoOAuthPersistenceByFile.php(23): zcrmsdk\oauth\persistence\ZohoOAuthPersistenceByFile->deleteOAuthTokens('eduardo.rosendo...')
#3 C:\laragon\www\DIALCA-API\vendor\zohocrm\php-sdk\src\oauth\ZohoOAuthClient.php(66): zcrmsdk\oauth\persistence\ZohoOAuthPersistenceByFile->saveOAuthData(Object(zcrmsdk\oauth\utility\ZohoOAuthTokens))
#4 C:\laragon\www\DIALCA-API\routes\api.php(33): zcrmsdk\oauth\ZohoOAuthClient->generateAccessToken('1000.b73f861e61...')
#5 C:\laragon\www\DIALCA-API\vendor\laravel\framework\src\Illuminate\Routing\Route.php(205): Illuminate\Routing\RouteFileRegistrar->{closure}()
#6 C:\laragon\www\DIALCA-API\vendor\laravel\framework\src\Illuminate\Routing\Route.php(179): Illuminate\Routing\Route->runCallable()
#7 C:\laragon\www\DIALCA-API\vendor\laravel\framework\src\Illuminate\Routing\Router.php(680): Illuminate\Routing\Route->run()
#8 C:\laragon\www\DIALCA-API\vendor\laravel\framework\src\Illuminate\Routing\Pipeline.php(30): Illuminate\Routing\Router->Illuminate\Routing\{closure}(Object(Illuminate\Http\Request))
#9 C:\laragon\www\DIALCA-API\vendor\laravel\framework\src\Illuminate\Routing\Middleware\SubstituteBindings.php(41): Illuminate\Routing\Pipeline->Illuminate\Routing\{closure}(Object(Illuminate\Http\Request))
#10 C:\laragon\www\DIALCA-API\vendor\laravel\framework\src\Illuminate\Pipeline\Pipeline.php(163): Illuminate\Routing\Middleware\SubstituteBindings->handle(Object(Illuminate\Http\Request), Object(Closure))
#11 C:\laragon\www\DIALCA-API\vendor\laravel\framework\src\Illuminate\Routing\Pipeline.php(53): Illuminate\Pipeline\Pipeline->Illuminate\Pipeline\{closure}(Object(Illuminate\Http\Request))
#12 C:\laragon\www\DIALCA-API\vendor\laravel\framework\src\Illuminate\Routing\Middleware\ThrottleRequests.php(58): Illuminate\Routing\Pipeline->Illuminate\Routing\{closure}(Object(Illuminate\Http\Request))
#13 C:\laragon\www\DIALCA-API\vendor\laravel\framework\src\Illuminate\Pipeline\Pipeline.php(163): Illuminate\Routing\Middleware\ThrottleRequests->handle(Object(Illuminate\Http\Request), Object(Closure), 60, '1')
#14 C:\laragon\www\DIALCA-API\vendor\laravel\framework\src\Illuminate\Routing\Pipeline.php(53): Illuminate\Pipeline\Pipeline->Illuminate\Pipeline\{closure}(Object(Illuminate\Http\Request))
#15 C:\laragon\www\DIALCA-API\vendor\laravel\framework\src\Illuminate\Pipeline\Pipeline.php(104): Illuminate\Routing\Pipeline->Illuminate\Routing\{closure}(Object(Illuminate\Http\Request))
#16 C:\laragon\www\DIALCA-API\vendor\laravel\framework\src\Illuminate\Routing\Router.php(682): Illuminate\Pipeline\Pipeline->then(Object(Closure))
#17 C:\laragon\www\DIALCA-API\vendor\laravel\framework\src\Illuminate\Routing\Router.php(657): Illuminate\Routing\Router->runRouteWithinStack(Object(Illuminate\Routing\Route), Object(Illuminate\Http\Request))
#18 C:\laragon\www\DIALCA-API\vendor\laravel\framework\src\Illuminate\Routing\Router.php(623): Illuminate\Routing\Router->runRoute(Object(Illuminate\Http\Request), Object(Illuminate\Routing\Route))
#19 C:\laragon\www\DIALCA-API\vendor\laravel\framework\src\Illuminate\Routing\Router.php(612): Illuminate\Routing\Router->dispatchToRoute(Object(Illuminate\Http\Request))
#20 C:\laragon\www\DIALCA-API\vendor\laravel\framework\src\Illuminate\Foundation\Http\Kernel.php(176): Illuminate\Routing\Router->dispatch(Object(Illuminate\Http\Request))
#21 C:\laragon\www\DIALCA-API\vendor\laravel\framework\src\Illuminate\Routing\Pipeline.php(30): Illuminate\Foundation\Http\Kernel->Illuminate\Foundation\Http\{closure}(Object(Illuminate\Http\Request))
#22 C:\laragon\www\DIALCA-API\vendor\fideloper\proxy\src\TrustProxies.php(57): Illuminate\Routing\Pipeline->Illuminate\Routing\{closure}(Object(Illuminate\Http\Request))
#23 C:\laragon\www\DIALCA-API\vendor\laravel\framework\src\Illuminate\Pipeline\Pipeline.php(163): Fideloper\Proxy\TrustProxies->handle(Object(Illuminate\Http\Request), Object(Closure))
#24 C:\laragon\www\DIALCA-API\vendor\laravel\framework\src\Illuminate\Routing\Pipeline.php(53): Illuminate\Pipeline\Pipeline->Illuminate\Pipeline\{closure}(Object(Illuminate\Http\Request))
#25 C:\laragon\www\DIALCA-API\vendor\laravel\framework\src\Illuminate\Foundation\Http\Middleware\TransformsRequest.php(21): Illuminate\Routing\Pipeline->Illuminate\Routing\{closure}(Object(Illuminate\Http\Request))
#26 C:\laragon\www\DIALCA-API\vendor\laravel\framework\src\Illuminate\Pipeline\Pipeline.php(163): Illuminate\Foundation\Http\Middleware\TransformsRequest->handle(Object(Illuminate\Http\Request), Object(Closure))
#27 C:\laragon\www\DIALCA-API\vendor\laravel\framework\src\Illuminate\Routing\Pipeline.php(53): Illuminate\Pipeline\Pipeline->Illuminate\Pipeline\{closure}(Object(Illuminate\Http\Request))
#28 C:\laragon\www\DIALCA-API\vendor\laravel\framework\src\Illuminate\Foundation\Http\Middleware\TransformsRequest.php(21): Illuminate\Routing\Pipeline->Illuminate\Routing\{closure}(Object(Illuminate\Http\Request))
#29 C:\laragon\www\DIALCA-API\vendor\laravel\framework\src\Illuminate\Pipeline\Pipeline.php(163): Illuminate\Foundation\Http\Middleware\TransformsRequest->handle(Object(Illuminate\Http\Request), Object(Closure))
#30 C:\laragon\www\DIALCA-API\vendor\laravel\framework\src\Illuminate\Routing\Pipeline.php(53): Illuminate\Pipeline\Pipeline->Illuminate\Pipeline\{closure}(Object(Illuminate\Http\Request))
#31 C:\laragon\www\DIALCA-API\vendor\laravel\framework\src\Illuminate\Foundation\Http\Middleware\ValidatePostSize.php(27): Illuminate\Routing\Pipeline->Illuminate\Routing\{closure}(Object(Illuminate\Http\Request))
#32 C:\laragon\www\DIALCA-API\vendor\laravel\framework\src\Illuminate\Pipeline\Pipeline.php(163): Illuminate\Foundation\Http\Middleware\ValidatePostSize->handle(Object(Illuminate\Http\Request), Object(Closure))
#33 C:\laragon\www\DIALCA-API\vendor\laravel\framework\src\Illuminate\Routing\Pipeline.php(53): Illuminate\Pipeline\Pipeline->Illuminate\Pipeline\{closure}(Object(Illuminate\Http\Request))
#34 C:\laragon\www\DIALCA-API\vendor\laravel\framework\src\Illuminate\Foundation\Http\Middleware\CheckForMaintenanceMode.php(62): Illuminate\Routing\Pipeline->Illuminate\Routing\{closure}(Object(Illuminate\Http\Request))
#35 C:\laragon\www\DIALCA-API\vendor\laravel\framework\src\Illuminate\Pipeline\Pipeline.php(163): Illuminate\Foundation\Http\Middleware\CheckForMaintenanceMode->handle(Object(Illuminate\Http\Request), Object(Closure))
#36 C:\laragon\www\DIALCA-API\vendor\laravel\framework\src\Illuminate\Routing\Pipeline.php(53): Illuminate\Pipeline\Pipeline->Illuminate\Pipeline\{closure}(Object(Illuminate\Http\Request))
#37 C:\laragon\www\DIALCA-API\vendor\laravel\framework\src\Illuminate\Pipeline\Pipeline.php(104): Illuminate\Routing\Pipeline->Illuminate\Routing\{closure}(Object(Illuminate\Http\Request))
#38 C:\laragon\www\DIALCA-API\vendor\laravel\framework\src\Illuminate\Foundation\Http\Kernel.php(151): Illuminate\Pipeline\Pipeline->then(Object(Closure))
#39 C:\laragon\www\DIALCA-API\vendor\laravel\framework\src\Illuminate\Foundation\Http\Kernel.php(116): Illuminate\Foundation\Http\Kernel->sendRequestThroughRouter(Object(Illuminate\Http\Request))
#40 C:\laragon\www\DIALCA-API\public\index.php(55): Illuminate\Foundation\Http\Kernel->handle(Object(Illuminate\Http\Request))
#41 {main}
2019-12-09 19:54:02 SEVERE: Exception occured while Saving OAuthTokens to file(file::ZohoOAuthPersistenceByFile)(file_get_contents(/vendor/zohocrm/php-sdk/src/persistence/zcrm_oauthtokens.txt): failed to open stream: No such file or directory)
ErrorException: file_get_contents(/vendor/zohocrm/php-sdk/src/persistence/zcrm_oauthtokens.txt): failed to open stream: No such file or directory in C:\laragon\www\DIALCA-API\vendor\zohocrm\php-sdk\src\oauth\persistence\ZohoOAuthPersistenceByFile.php:72
Stack trace:
#0 [internal function]: Illuminate\Foundation\Bootstrap\HandleExceptions->handleError(2, 'file_get_conten...', 'C:\\laragon\\www\\...', 72, Array)
#1 C:\laragon\www\DIALCA-API\vendor\zohocrm\php-sdk\src\oauth\persistence\ZohoOAuthPersistenceByFile.php(72): file_get_contents('/vendor/zohocrm...')
#2 C:\laragon\www\DIALCA-API\vendor\zohocrm\php-sdk\src\oauth\persistence\ZohoOAuthPersistenceByFile.php(23): zcrmsdk\oauth\persistence\ZohoOAuthPersistenceByFile->deleteOAuthTokens('eduardo.rosendo...')
#3 C:\laragon\www\DIALCA-API\vendor\zohocrm\php-sdk\src\oauth\ZohoOAuthClient.php(66): zcrmsdk\oauth\persistence\ZohoOAuthPersistenceByFile->saveOAuthData(Object(zcrmsdk\oauth\utility\ZohoOAuthTokens))
#4 C:\laragon\www\DIALCA-API\routes\api.php(33): zcrmsdk\oauth\ZohoOAuthClient->generateAccessToken('1000.e901984bd5...')
#5 C:\laragon\www\DIALCA-API\vendor\laravel\framework\src\Illuminate\Routing\Route.php(205): Illuminate\Routing\RouteFileRegistrar->{closure}()
#6 C:\laragon\www\DIALCA-API\vendor\laravel\framework\src\Illuminate\Routing\Route.php(179): Illuminate\Routing\Route->runCallable()
#7 C:\laragon\www\DIALCA-API\vendor\laravel\framework\src\Illuminate\Routing\Router.php(680): Illuminate\Routing\Route->run()
#8 C:\laragon\www\DIALCA-API\vendor\laravel\framework\src\Illuminate\Routing\Pipeline.php(30): Illuminate\Routing\Router->Illuminate\Routing\{closure}(Object(Illuminate\Http\Request))
#9 C:\laragon\www\DIALCA-API\vendor\laravel\framework\src\Illuminate\Routing\Middleware\SubstituteBindings.php(41): Illuminate\Routing\Pipeline->Illuminate\Routing\{closure}(Object(Illuminate\Http\Request))
#10 C:\laragon\www\DIALCA-API\vendor\laravel\framework\src\Illuminate\Pipeline\Pipeline.php(163): Illuminate\Routing\Middleware\SubstituteBindings->handle(Object(Illuminate\Http\Request), Object(Closure))
#11 C:\laragon\www\DIALCA-API\vendor\laravel\framework\src\Illuminate\Routing\Pipeline.php(53): Illuminate\Pipeline\Pipeline->Illuminate\Pipeline\{closure}(Object(Illuminate\Http\Request))
#12 C:\laragon\www\DIALCA-API\vendor\laravel\framework\src\Illuminate\Routing\Middleware\ThrottleRequests.php(58): Illuminate\Routing\Pipeline->Illuminate\Routing\{closure}(Object(Illuminate\Http\Request))
#13 C:\laragon\www\DIALCA-API\vendor\laravel\framework\src\Illuminate\Pipeline\Pipeline.php(163): Illuminate\Routing\Middleware\ThrottleRequests->handle(Object(Illuminate\Http\Request), Object(Closure), 60, '1')
#14 C:\laragon\www\DIALCA-API\vendor\laravel\framework\src\Illuminate\Routing\Pipeline.php(53): Illuminate\Pipeline\Pipeline->Illuminate\Pipeline\{closure}(Object(Illuminate\Http\Request))
#15 C:\laragon\www\DIALCA-API\vendor\laravel\framework\src\Illuminate\Pipeline\Pipeline.php(104): Illuminate\Routing\Pipeline->Illuminate\Routing\{closure}(Object(Illuminate\Http\Request))
#16 C:\laragon\www\DIALCA-API\vendor\laravel\framework\src\Illuminate\Routing\Router.php(682): Illuminate\Pipeline\Pipeline->then(Object(Closure))
#17 C:\laragon\www\DIALCA-API\vendor\laravel\framework\src\Illuminate\Routing\Router.php(657): Illuminate\Routing\Router->runRouteWithinStack(Object(Illuminate\Routing\Route), Object(Illuminate\Http\Request))
#18 C:\laragon\www\DIALCA-API\vendor\laravel\framework\src\Illuminate\Routing\Router.php(623): Illuminate\Routing\Router->runRoute(Object(Illuminate\Http\Request), Object(Illuminate\Routing\Route))
#19 C:\laragon\www\DIALCA-API\vendor\laravel\framework\src\Illuminate\Routing\Router.php(612): Illuminate\Routing\Router->dispatchToRoute(Object(Illuminate\Http\Request))
#20 C:\laragon\www\DIALCA-API\vendor\laravel\framework\src\Illuminate\Foundation\Http\Kernel.php(176): Illuminate\Routing\Router->dispatch(Object(Illuminate\Http\Request))
#21 C:\laragon\www\DIALCA-API\vendor\laravel\framework\src\Illuminate\Routing\Pipeline.php(30): Illuminate\Foundation\Http\Kernel->Illuminate\Foundation\Http\{closure}(Object(Illuminate\Http\Request))
#22 C:\laragon\www\DIALCA-API\vendor\fideloper\proxy\src\TrustProxies.php(57): Illuminate\Routing\Pipeline->Illuminate\Routing\{closure}(Object(Illuminate\Http\Request))
#23 C:\laragon\www\DIALCA-API\vendor\laravel\framework\src\Illuminate\Pipeline\Pipeline.php(163): Fideloper\Proxy\TrustProxies->handle(Object(Illuminate\Http\Request), Object(Closure))
#24 C:\laragon\www\DIALCA-API\vendor\laravel\framework\src\Illuminate\Routing\Pipeline.php(53): Illuminate\Pipeline\Pipeline->Illuminate\Pipeline\{closure}(Object(Illuminate\Http\Request))
#25 C:\laragon\www\DIALCA-API\vendor\laravel\framework\src\Illuminate\Foundation\Http\Middleware\TransformsRequest.php(21): Illuminate\Routing\Pipeline->Illuminate\Routing\{closure}(Object(Illuminate\Http\Request))
#26 C:\laragon\www\DIALCA-API\vendor\laravel\framework\src\Illuminate\Pipeline\Pipeline.php(163): Illuminate\Foundation\Http\Middleware\TransformsRequest->handle(Object(Illuminate\Http\Request), Object(Closure))
#27 C:\laragon\www\DIALCA-API\vendor\laravel\framework\src\Illuminate\Routing\Pipeline.php(53): Illuminate\Pipeline\Pipeline->Illuminate\Pipeline\{closure}(Object(Illuminate\Http\Request))
#28 C:\laragon\www\DIALCA-API\vendor\laravel\framework\src\Illuminate\Foundation\Http\Middleware\TransformsRequest.php(21): Illuminate\Routing\Pipeline->Illuminate\Routing\{closure}(Object(Illuminate\Http\Request))
#29 C:\laragon\www\DIALCA-API\vendor\laravel\framework\src\Illuminate\Pipeline\Pipeline.php(163): Illuminate\Foundation\Http\Middleware\TransformsRequest->handle(Object(Illuminate\Http\Request), Object(Closure))
#30 C:\laragon\www\DIALCA-API\vendor\laravel\framework\src\Illuminate\Routing\Pipeline.php(53): Illuminate\Pipeline\Pipeline->Illuminate\Pipeline\{closure}(Object(Illuminate\Http\Request))
#31 C:\laragon\www\DIALCA-API\vendor\laravel\framework\src\Illuminate\Foundation\Http\Middleware\ValidatePostSize.php(27): Illuminate\Routing\Pipeline->Illuminate\Routing\{closure}(Object(Illuminate\Http\Request))
#32 C:\laragon\www\DIALCA-API\vendor\laravel\framework\src\Illuminate\Pipeline\Pipeline.php(163): Illuminate\Foundation\Http\Middleware\ValidatePostSize->handle(Object(Illuminate\Http\Request), Object(Closure))
#33 C:\laragon\www\DIALCA-API\vendor\laravel\framework\src\Illuminate\Routing\Pipeline.php(53): Illuminate\Pipeline\Pipeline->Illuminate\Pipeline\{closure}(Object(Illuminate\Http\Request))
#34 C:\laragon\www\DIALCA-API\vendor\laravel\framework\src\Illuminate\Foundation\Http\Middleware\CheckForMaintenanceMode.php(62): Illuminate\Routing\Pipeline->Illuminate\Routing\{closure}(Object(Illuminate\Http\Request))
#35 C:\laragon\www\DIALCA-API\vendor\laravel\framework\src\Illuminate\Pipeline\Pipeline.php(163): Illuminate\Foundation\Http\Middleware\CheckForMaintenanceMode->handle(Object(Illuminate\Http\Request), Object(Closure))
#36 C:\laragon\www\DIALCA-API\vendor\laravel\framework\src\Illuminate\Routing\Pipeline.php(53): Illuminate\Pipeline\Pipeline->Illuminate\Pipeline\{closure}(Object(Illuminate\Http\Request))
#37 C:\laragon\www\DIALCA-API\vendor\laravel\framework\src\Illuminate\Pipeline\Pipeline.php(104): Illuminate\Routing\Pipeline->Illuminate\Routing\{closure}(Object(Illuminate\Http\Request))
#38 C:\laragon\www\DIALCA-API\vendor\laravel\framework\src\Illuminate\Foundation\Http\Kernel.php(151): Illuminate\Pipeline\Pipeline->then(Object(Closure))
#39 C:\laragon\www\DIALCA-API\vendor\laravel\framework\src\Illuminate\Foundation\Http\Kernel.php(116): Illuminate\Foundation\Http\Kernel->sendRequestThroughRouter(Object(Illuminate\Http\Request))
#40 C:\laragon\www\DIALCA-API\public\index.php(55): Illuminate\Foundation\Http\Kernel->handle(Object(Illuminate\Http\Request))
#41 {main}
2019-12-09 19:54:02 SEVERE: Exception occured while Saving OAuthTokens to file(file::ZohoOAuthPersistenceByFile)(file_get_contents(/vendor/zohocrm/php-sdk/src/persistence/zcrm_oauthtokens.txt): failed to open stream: No such file or directory)
ErrorException: file_get_contents(/vendor/zohocrm/php-sdk/src/persistence/zcrm_oauthtokens.txt): failed to open stream: No such file or directory in C:\laragon\www\DIALCA-API\vendor\zohocrm\php-sdk\src\oauth\persistence\ZohoOAuthPersistenceByFile.php:72
Stack trace:
#0 [internal function]: Illuminate\Foundation\Bootstrap\HandleExceptions->handleError(2, 'file_get_conten...', 'C:\\laragon\\www\\...', 72, Array)
#1 C:\laragon\www\DIALCA-API\vendor\zohocrm\php-sdk\src\oauth\persistence\ZohoOAuthPersistenceByFile.php(72): file_get_contents('/vendor/zohocrm...')
#2 C:\laragon\www\DIALCA-API\vendor\zohocrm\php-sdk\src\oauth\persistence\ZohoOAuthPersistenceByFile.php(23): zcrmsdk\oauth\persistence\ZohoOAuthPersistenceByFile->deleteOAuthTokens('eduardo.rosendo...')
#3 C:\laragon\www\DIALCA-API\vendor\zohocrm\php-sdk\src\oauth\ZohoOAuthClient.php(66): zcrmsdk\oauth\persistence\ZohoOAuthPersistenceByFile->saveOAuthData(Object(zcrmsdk\oauth\utility\ZohoOAuthTokens))
#4 C:\laragon\www\DIALCA-API\routes\api.php(33): zcrmsdk\oauth\ZohoOAuthClient->generateAccessToken('1000.e901984bd5...')
#5 C:\laragon\www\DIALCA-API\vendor\laravel\framework\src\Illuminate\Routing\Route.php(205): Illuminate\Routing\RouteFileRegistrar->{closure}()
#6 C:\laragon\www\DIALCA-API\vendor\laravel\framework\src\Illuminate\Routing\Route.php(179): Illuminate\Routing\Route->runCallable()
#7 C:\laragon\www\DIALCA-API\vendor\laravel\framework\src\Illuminate\Routing\Router.php(680): Illuminate\Routing\Route->run()
#8 C:\laragon\www\DIALCA-API\vendor\laravel\framework\src\Illuminate\Routing\Pipeline.php(30): Illuminate\Routing\Router->Illuminate\Routing\{closure}(Object(Illuminate\Http\Request))
#9 C:\laragon\www\DIALCA-API\vendor\laravel\framework\src\Illuminate\Routing\Middleware\SubstituteBindings.php(41): Illuminate\Routing\Pipeline->Illuminate\Routing\{closure}(Object(Illuminate\Http\Request))
#10 C:\laragon\www\DIALCA-API\vendor\laravel\framework\src\Illuminate\Pipeline\Pipeline.php(163): Illuminate\Routing\Middleware\SubstituteBindings->handle(Object(Illuminate\Http\Request), Object(Closure))
#11 C:\laragon\www\DIALCA-API\vendor\laravel\framework\src\Illuminate\Routing\Pipeline.php(53): Illuminate\Pipeline\Pipeline->Illuminate\Pipeline\{closure}(Object(Illuminate\Http\Request))
#12 C:\laragon\www\DIALCA-API\vendor\laravel\framework\src\Illuminate\Routing\Middleware\ThrottleRequests.php(58): Illuminate\Routing\Pipeline->Illuminate\Routing\{closure}(Object(Illuminate\Http\Request))
#13 C:\laragon\www\DIALCA-API\vendor\laravel\framework\src\Illuminate\Pipeline\Pipeline.php(163): Illuminate\Routing\Middleware\ThrottleRequests->handle(Object(Illuminate\Http\Request), Object(Closure), 60, '1')
#14 C:\laragon\www\DIALCA-API\vendor\laravel\framework\src\Illuminate\Routing\Pipeline.php(53): Illuminate\Pipeline\Pipeline->Illuminate\Pipeline\{closure}(Object(Illuminate\Http\Request))
#15 C:\laragon\www\DIALCA-API\vendor\laravel\framework\src\Illuminate\Pipeline\Pipeline.php(104): Illuminate\Routing\Pipeline->Illuminate\Routing\{closure}(Object(Illuminate\Http\Request))
#16 C:\laragon\www\DIALCA-API\vendor\laravel\framework\src\Illuminate\Routing\Router.php(682): Illuminate\Pipeline\Pipeline->then(Object(Closure))
#17 C:\laragon\www\DIALCA-API\vendor\laravel\framework\src\Illuminate\Routing\Router.php(657): Illuminate\Routing\Router->runRouteWithinStack(Object(Illuminate\Routing\Route), Object(Illuminate\Http\Request))
#18 C:\laragon\www\DIALCA-API\vendor\laravel\framework\src\Illuminate\Routing\Router.php(623): Illuminate\Routing\Router->runRoute(Object(Illuminate\Http\Request), Object(Illuminate\Routing\Route))
#19 C:\laragon\www\DIALCA-API\vendor\laravel\framework\src\Illuminate\Routing\Router.php(612): Illuminate\Routing\Router->dispatchToRoute(Object(Illuminate\Http\Request))
#20 C:\laragon\www\DIALCA-API\vendor\laravel\framework\src\Illuminate\Foundation\Http\Kernel.php(176): Illuminate\Routing\Router->dispatch(Object(Illuminate\Http\Request))
#21 C:\laragon\www\DIALCA-API\vendor\laravel\framework\src\Illuminate\Routing\Pipeline.php(30): Illuminate\Foundation\Http\Kernel->Illuminate\Foundation\Http\{closure}(Object(Illuminate\Http\Request))
#22 C:\laragon\www\DIALCA-API\vendor\fideloper\proxy\src\TrustProxies.php(57): Illuminate\Routing\Pipeline->Illuminate\Routing\{closure}(Object(Illuminate\Http\Request))
#23 C:\laragon\www\DIALCA-API\vendor\laravel\framework\src\Illuminate\Pipeline\Pipeline.php(163): Fideloper\Proxy\TrustProxies->handle(Object(Illuminate\Http\Request), Object(Closure))
#24 C:\laragon\www\DIALCA-API\vendor\laravel\framework\src\Illuminate\Routing\Pipeline.php(53): Illuminate\Pipeline\Pipeline->Illuminate\Pipeline\{closure}(Object(Illuminate\Http\Request))
#25 C:\laragon\www\DIALCA-API\vendor\laravel\framework\src\Illuminate\Foundation\Http\Middleware\TransformsRequest.php(21): Illuminate\Routing\Pipeline->Illuminate\Routing\{closure}(Object(Illuminate\Http\Request))
#26 C:\laragon\www\DIALCA-API\vendor\laravel\framework\src\Illuminate\Pipeline\Pipeline.php(163): Illuminate\Foundation\Http\Middleware\TransformsRequest->handle(Object(Illuminate\Http\Request), Object(Closure))
#27 C:\laragon\www\DIALCA-API\vendor\laravel\framework\src\Illuminate\Routing\Pipeline.php(53): Illuminate\Pipeline\Pipeline->Illuminate\Pipeline\{closure}(Object(Illuminate\Http\Request))
#28 C:\laragon\www\DIALCA-API\vendor\laravel\framework\src\Illuminate\Foundation\Http\Middleware\TransformsRequest.php(21): Illuminate\Routing\Pipeline->Illuminate\Routing\{closure}(Object(Illuminate\Http\Request))
#29 C:\laragon\www\DIALCA-API\vendor\laravel\framework\src\Illuminate\Pipeline\Pipeline.php(163): Illuminate\Foundation\Http\Middleware\TransformsRequest->handle(Object(Illuminate\Http\Request), Object(Closure))
#30 C:\laragon\www\DIALCA-API\vendor\laravel\framework\src\Illuminate\Routing\Pipeline.php(53): Illuminate\Pipeline\Pipeline->Illuminate\Pipeline\{closure}(Object(Illuminate\Http\Request))
#31 C:\laragon\www\DIALCA-API\vendor\laravel\framework\src\Illuminate\Foundation\Http\Middleware\ValidatePostSize.php(27): Illuminate\Routing\Pipeline->Illuminate\Routing\{closure}(Object(Illuminate\Http\Request))
#32 C:\laragon\www\DIALCA-API\vendor\laravel\framework\src\Illuminate\Pipeline\Pipeline.php(163): Illuminate\Foundation\Http\Middleware\ValidatePostSize->handle(Object(Illuminate\Http\Request), Object(Closure))
#33 C:\laragon\www\DIALCA-API\vendor\laravel\framework\src\Illuminate\Routing\Pipeline.php(53): Illuminate\Pipeline\Pipeline->Illuminate\Pipeline\{closure}(Object(Illuminate\Http\Request))
#34 C:\laragon\www\DIALCA-API\vendor\laravel\framework\src\Illuminate\Foundation\Http\Middleware\CheckForMaintenanceMode.php(62): Illuminate\Routing\Pipeline->Illuminate\Routing\{closure}(Object(Illuminate\Http\Request))
#35 C:\laragon\www\DIALCA-API\vendor\laravel\framework\src\Illuminate\Pipeline\Pipeline.php(163): Illuminate\Foundation\Http\Middleware\CheckForMaintenanceMode->handle(Object(Illuminate\Http\Request), Object(Closure))
#36 C:\laragon\www\DIALCA-API\vendor\laravel\framework\src\Illuminate\Routing\Pipeline.php(53): Illuminate\Pipeline\Pipeline->Illuminate\Pipeline\{closure}(Object(Illuminate\Http\Request))
#37 C:\laragon\www\DIALCA-API\vendor\laravel\framework\src\Illuminate\Pipeline\Pipeline.php(104): Illuminate\Routing\Pipeline->Illuminate\Routing\{closure}(Object(Illuminate\Http\Request))
#38 C:\laragon\www\DIALCA-API\vendor\laravel\framework\src\Illuminate\Foundation\Http\Kernel.php(151): Illuminate\Pipeline\Pipeline->then(Object(Closure))
#39 C:\laragon\www\DIALCA-API\vendor\laravel\framework\src\Illuminate\Foundation\Http\Kernel.php(116): Illuminate\Foundation\Http\Kernel->sendRequestThroughRouter(Object(Illuminate\Http\Request))
#40 C:\laragon\www\DIALCA-API\public\index.php(55): Illuminate\Foundation\Http\Kernel->handle(Object(Illuminate\Http\Request))
#41 {main}
